2025-03-28 16:37:21.709 [main] INFO  U.UserServiceApplicationTests - Starting UserServiceApplicationTests using Java 23.0.2 with PID 16720 (started by hungerbox in /Users/hungerbox/Documents/Projects/SpringBoot-eCommerce/UserService)
2025-03-28 16:37:21.709 [main] DEBUG U.UserServiceApplicationTests - Running with Spring Boot v3.2.4, Spring v6.1.5
2025-03-28 16:37:21.710 [main] INFO  U.UserServiceApplicationTests - No active profile set, falling back to 1 default profile: "default"
2025-03-28 16:37:22.002 [main] INFO  o.s.d.r.c.RepositoryConfigurationDelegate - Bootstrapping Spring Data JPA repositories in DEFAULT mode.
2025-03-28 16:37:22.011 [main] INFO  o.s.d.r.c.RepositoryConfigurationDelegate - Finished Spring Data repository scanning in 5 ms. Found 0 JPA repository interfaces.
2025-03-28 16:37:22.199 [main] INFO  o.h.jpa.internal.util.LogHelper - HHH000204: Processing PersistenceUnitInfo [name: default]
2025-03-28 16:37:22.233 [main] INFO  org.hibernate.Version - HHH000412: Hibernate ORM core version 6.4.4.Final
2025-03-28 16:37:22.251 [main] INFO  o.h.c.i.RegionFactoryInitiator - HHH000026: Second-level cache disabled
2025-03-28 16:37:22.372 [main] INFO  o.s.o.j.p.SpringPersistenceUnitInfo - No LoadTimeWeaver setup: ignoring JPA class transformer
2025-03-28 16:37:22.389 [main] INFO  com.zaxxer.hikari.HikariDataSource - hungerbox - Starting...
2025-03-28 16:37:22.491 [main] INFO  com.zaxxer.hikari.pool.HikariPool - hungerbox - Added connection com.mysql.cj.jdbc.ConnectionImpl@4228f269
2025-03-28 16:37:22.493 [main] INFO  com.zaxxer.hikari.HikariDataSource - hungerbox - Start completed.
2025-03-28 16:37:22.573 [main] WARN  org.hibernate.orm.deprecation - HHH90000025: MySQL8Dialect does not need to be specified explicitly using 'hibernate.dialect' (remove the property setting and it will be selected by default)
2025-03-28 16:37:22.574 [main] WARN  org.hibernate.orm.deprecation - HHH90000026: MySQL8Dialect has been deprecated; use org.hibernate.dialect.MySQLDialect instead
2025-03-28 16:37:22.724 [main] INFO  o.h.e.t.j.p.i.JtaPlatformInitiator - HHH000489: No JTA platform available (set 'hibernate.transaction.jta.platform' to enable JTA platform integration)
2025-03-28 16:37:22.726 [main] INFO  o.s.o.j.LocalContainerEntityManagerFactoryBean - Initialized JPA EntityManagerFactory for persistence unit 'default'
2025-03-28 16:37:22.805 [main] WARN  o.s.b.a.o.j.JpaBaseConfiguration$JpaWebConfiguration - spring.jpa.open-in-view is enabled by default. Therefore, database queries may be performed during view rendering. Explicitly configure spring.jpa.open-in-view to disable this warning
2025-03-28 16:37:23.003 [main] INFO  U.UserServiceApplicationTests - Started UserServiceApplicationTests in 1.478 seconds (process running for 1.922)
2025-03-28 16:37:23.419 [SpringApplicationShutdownHook] INFO  o.s.o.j.LocalContainerEntityManagerFactoryBean - Closing JPA EntityManagerFactory for persistence unit 'default'
2025-03-28 16:37:23.420 [SpringApplicationShutdownHook] INFO  com.zaxxer.hikari.HikariDataSource - hungerbox - Shutdown initiated...
2025-03-28 16:37:23.423 [SpringApplicationShutdownHook] INFO  com.zaxxer.hikari.HikariDataSource - hungerbox - Shutdown completed.
2025-03-28 16:40:34.837 [main] INFO  U.UserServiceApplicationTests - Starting UserServiceApplicationTests using Java 23.0.2 with PID 17530 (started by hungerbox in /Users/hungerbox/Documents/Projects/SpringBoot-eCommerce/UserService)
2025-03-28 16:40:34.837 [main] DEBUG U.UserServiceApplicationTests - Running with Spring Boot v3.2.4, Spring v6.1.5
2025-03-28 16:40:34.837 [main] INFO  U.UserServiceApplicationTests - No active profile set, falling back to 1 default profile: "default"
2025-03-28 16:40:35.109 [main] INFO  o.s.d.r.c.RepositoryConfigurationDelegate - Bootstrapping Spring Data JPA repositories in DEFAULT mode.
2025-03-28 16:40:35.117 [main] INFO  o.s.d.r.c.RepositoryConfigurationDelegate - Finished Spring Data repository scanning in 5 ms. Found 0 JPA repository interfaces.
2025-03-28 16:40:35.298 [main] INFO  o.h.jpa.internal.util.LogHelper - HHH000204: Processing PersistenceUnitInfo [name: default]
2025-03-28 16:40:35.331 [main] INFO  org.hibernate.Version - HHH000412: Hibernate ORM core version 6.4.4.Final
2025-03-28 16:40:35.358 [main] INFO  o.h.c.i.RegionFactoryInitiator - HHH000026: Second-level cache disabled
2025-03-28 16:40:35.474 [main] INFO  o.s.o.j.p.SpringPersistenceUnitInfo - No LoadTimeWeaver setup: ignoring JPA class transformer
2025-03-28 16:40:35.493 [main] INFO  com.zaxxer.hikari.HikariDataSource - hungerbox - Starting...
2025-03-28 16:40:35.601 [main] INFO  com.zaxxer.hikari.pool.HikariPool - hungerbox - Added connection com.mysql.cj.jdbc.ConnectionImpl@3ba3f40d
2025-03-28 16:40:35.602 [main] INFO  com.zaxxer.hikari.HikariDataSource - hungerbox - Start completed.
2025-03-28 16:40:35.629 [main] WARN  org.hibernate.orm.deprecation - HHH90000025: MySQL8Dialect does not need to be specified explicitly using 'hibernate.dialect' (remove the property setting and it will be selected by default)
2025-03-28 16:40:35.630 [main] WARN  org.hibernate.orm.deprecation - HHH90000026: MySQL8Dialect has been deprecated; use org.hibernate.dialect.MySQLDialect instead
2025-03-28 16:40:35.785 [main] INFO  o.h.e.t.j.p.i.JtaPlatformInitiator - HHH000489: No JTA platform available (set 'hibernate.transaction.jta.platform' to enable JTA platform integration)
2025-03-28 16:40:35.787 [main] INFO  o.s.o.j.LocalContainerEntityManagerFactoryBean - Initialized JPA EntityManagerFactory for persistence unit 'default'
2025-03-28 16:40:35.862 [main] WARN  o.s.b.a.o.j.JpaBaseConfiguration$JpaWebConfiguration - spring.jpa.open-in-view is enabled by default. Therefore, database queries may be performed during view rendering. Explicitly configure spring.jpa.open-in-view to disable this warning
2025-03-28 16:40:36.064 [main] INFO  U.UserServiceApplicationTests - Started UserServiceApplicationTests in 1.395 seconds (process running for 1.877)
2025-03-28 16:40:36.456 [SpringApplicationShutdownHook] INFO  o.s.o.j.LocalContainerEntityManagerFactoryBean - Closing JPA EntityManagerFactory for persistence unit 'default'
2025-03-28 16:40:36.457 [SpringApplicationShutdownHook] INFO  com.zaxxer.hikari.HikariDataSource - hungerbox - Shutdown initiated...
2025-03-28 16:40:36.461 [SpringApplicationShutdownHook] INFO  com.zaxxer.hikari.HikariDataSource - hungerbox - Shutdown completed.
2025-03-28 16:44:22.599 [main] INFO  U.UserServiceApplicationTests - Starting UserServiceApplicationTests using Java 23.0.2 with PID 17985 (started by hungerbox in /Users/hungerbox/Documents/Projects/SpringBoot-eCommerce/UserService)
2025-03-28 16:44:22.600 [main] DEBUG U.UserServiceApplicationTests - Running with Spring Boot v3.2.4, Spring v6.1.5
2025-03-28 16:44:22.600 [main] INFO  U.UserServiceApplicationTests - No active profile set, falling back to 1 default profile: "default"
2025-03-28 16:44:22.878 [main] INFO  o.s.d.r.c.RepositoryConfigurationDelegate - Bootstrapping Spring Data JPA repositories in DEFAULT mode.
2025-03-28 16:44:22.887 [main] INFO  o.s.d.r.c.RepositoryConfigurationDelegate - Finished Spring Data repository scanning in 5 ms. Found 0 JPA repository interfaces.
2025-03-28 16:44:23.072 [main] INFO  o.h.jpa.internal.util.LogHelper - HHH000204: Processing PersistenceUnitInfo [name: default]
2025-03-28 16:44:23.112 [main] INFO  org.hibernate.Version - HHH000412: Hibernate ORM core version 6.4.4.Final
2025-03-28 16:44:23.130 [main] INFO  o.h.c.i.RegionFactoryInitiator - HHH000026: Second-level cache disabled
2025-03-28 16:44:23.243 [main] INFO  o.s.o.j.p.SpringPersistenceUnitInfo - No LoadTimeWeaver setup: ignoring JPA class transformer
2025-03-28 16:44:23.261 [main] INFO  com.zaxxer.hikari.HikariDataSource - hungerbox - Starting...
2025-03-28 16:44:23.362 [main] INFO  com.zaxxer.hikari.pool.HikariPool - hungerbox - Added connection com.mysql.cj.jdbc.ConnectionImpl@1552da16
2025-03-28 16:44:23.363 [main] INFO  com.zaxxer.hikari.HikariDataSource - hungerbox - Start completed.
2025-03-28 16:44:23.387 [main] WARN  org.hibernate.orm.deprecation - HHH90000025: MySQL8Dialect does not need to be specified explicitly using 'hibernate.dialect' (remove the property setting and it will be selected by default)
2025-03-28 16:44:23.388 [main] WARN  org.hibernate.orm.deprecation - HHH90000026: MySQL8Dialect has been deprecated; use org.hibernate.dialect.MySQLDialect instead
2025-03-28 16:44:23.552 [main] INFO  o.h.e.t.j.p.i.JtaPlatformInitiator - HHH000489: No JTA platform available (set 'hibernate.transaction.jta.platform' to enable JTA platform integration)
2025-03-28 16:44:23.554 [main] INFO  o.s.o.j.LocalContainerEntityManagerFactoryBean - Initialized JPA EntityManagerFactory for persistence unit 'default'
2025-03-28 16:44:23.631 [main] WARN  o.s.b.a.o.j.JpaBaseConfiguration$JpaWebConfiguration - spring.jpa.open-in-view is enabled by default. Therefore, database queries may be performed during view rendering. Explicitly configure spring.jpa.open-in-view to disable this warning
2025-03-28 16:44:23.834 [main] INFO  U.UserServiceApplicationTests - Started UserServiceApplicationTests in 1.427 seconds (process running for 1.855)
2025-03-28 16:44:24.229 [SpringApplicationShutdownHook] INFO  o.s.o.j.LocalContainerEntityManagerFactoryBean - Closing JPA EntityManagerFactory for persistence unit 'default'
2025-03-28 16:44:24.230 [SpringApplicationShutdownHook] INFO  com.zaxxer.hikari.HikariDataSource - hungerbox - Shutdown initiated...
2025-03-28 16:44:24.233 [SpringApplicationShutdownHook] INFO  com.zaxxer.hikari.HikariDataSource - hungerbox - Shutdown completed.
2025-03-28 16:47:16.874 [main] INFO  U.UserServiceApplicationTests - Starting UserServiceApplicationTests using Java 23.0.2 with PID 18245 (started by hungerbox in /Users/hungerbox/Documents/Projects/SpringBoot-eCommerce/UserService)
2025-03-28 16:47:16.874 [main] DEBUG U.UserServiceApplicationTests - Running with Spring Boot v3.2.4, Spring v6.1.5
2025-03-28 16:47:16.875 [main] INFO  U.UserServiceApplicationTests - No active profile set, falling back to 1 default profile: "default"
2025-03-28 16:47:17.147 [main] INFO  o.s.d.r.c.RepositoryConfigurationDelegate - Bootstrapping Spring Data JPA repositories in DEFAULT mode.
2025-03-28 16:47:17.157 [main] INFO  o.s.d.r.c.RepositoryConfigurationDelegate - Finished Spring Data repository scanning in 6 ms. Found 0 JPA repository interfaces.
2025-03-28 16:47:17.338 [main] INFO  o.h.jpa.internal.util.LogHelper - HHH000204: Processing PersistenceUnitInfo [name: default]
2025-03-28 16:47:17.369 [main] INFO  org.hibernate.Version - HHH000412: Hibernate ORM core version 6.4.4.Final
2025-03-28 16:47:17.387 [main] INFO  o.h.c.i.RegionFactoryInitiator - HHH000026: Second-level cache disabled
2025-03-28 16:47:17.510 [main] INFO  o.s.o.j.p.SpringPersistenceUnitInfo - No LoadTimeWeaver setup: ignoring JPA class transformer
2025-03-28 16:47:17.528 [main] INFO  com.zaxxer.hikari.HikariDataSource - hungerbox - Starting...
2025-03-28 16:47:17.637 [main] INFO  com.zaxxer.hikari.pool.HikariPool - hungerbox - Added connection com.mysql.cj.jdbc.ConnectionImpl@37fef327
2025-03-28 16:47:17.638 [main] INFO  com.zaxxer.hikari.HikariDataSource - hungerbox - Start completed.
2025-03-28 16:47:17.664 [main] WARN  org.hibernate.orm.deprecation - HHH90000025: MySQL8Dialect does not need to be specified explicitly using 'hibernate.dialect' (remove the property setting and it will be selected by default)
2025-03-28 16:47:17.664 [main] WARN  org.hibernate.orm.deprecation - HHH90000026: MySQL8Dialect has been deprecated; use org.hibernate.dialect.MySQLDialect instead
2025-03-28 16:47:18.070 [main] INFO  o.h.e.t.j.p.i.JtaPlatformInitiator - HHH000489: No JTA platform available (set 'hibernate.transaction.jta.platform' to enable JTA platform integration)
2025-03-28 16:47:18.134 [main] INFO  o.s.o.j.LocalContainerEntityManagerFactoryBean - Initialized JPA EntityManagerFactory for persistence unit 'default'
2025-03-28 16:47:18.213 [main] WARN  o.s.b.a.o.j.JpaBaseConfiguration$JpaWebConfiguration - spring.jpa.open-in-view is enabled by default. Therefore, database queries may be performed during view rendering. Explicitly configure spring.jpa.open-in-view to disable this warning
2025-03-28 16:47:18.414 [main] INFO  U.UserServiceApplicationTests - Started UserServiceApplicationTests in 1.714 seconds (process running for 2.146)
2025-03-28 16:47:18.759 [SpringApplicationShutdownHook] INFO  o.s.o.j.LocalContainerEntityManagerFactoryBean - Closing JPA EntityManagerFactory for persistence unit 'default'
2025-03-28 16:47:18.760 [SpringApplicationShutdownHook] INFO  com.zaxxer.hikari.HikariDataSource - hungerbox - Shutdown initiated...
2025-03-28 16:47:18.764 [SpringApplicationShutdownHook] INFO  com.zaxxer.hikari.HikariDataSource - hungerbox - Shutdown completed.
2025-03-28 17:43:56.901 [main] INFO  U.UserServiceApplicationTests - Starting UserServiceApplicationTests using Java 23.0.2 with PID 21845 (started by hungerbox in /Users/hungerbox/Documents/Projects/SpringBoot-eCommerce/UserService)
2025-03-28 17:43:56.901 [main] DEBUG U.UserServiceApplicationTests - Running with Spring Boot v3.2.4, Spring v6.1.5
2025-03-28 17:43:56.902 [main] INFO  U.UserServiceApplicationTests - No active profile set, falling back to 1 default profile: "default"
2025-03-28 17:43:57.235 [main] INFO  o.s.d.r.c.RepositoryConfigurationDelegate - Multiple Spring Data modules found, entering strict repository configuration mode
2025-03-28 17:43:57.236 [main] INFO  o.s.d.r.c.RepositoryConfigurationDelegate - Bootstrapping Spring Data JPA repositories in DEFAULT mode.
2025-03-28 17:43:57.317 [main] INFO  o.s.d.r.c.RepositoryConfigurationDelegate - Finished Spring Data repository scanning in 77 ms. Found 6 JPA repository interfaces.
2025-03-28 17:43:57.327 [main] INFO  o.s.d.r.c.RepositoryConfigurationDelegate - Multiple Spring Data modules found, entering strict repository configuration mode
2025-03-28 17:43:57.328 [main] INFO  o.s.d.r.c.RepositoryConfigurationDelegate - Bootstrapping Spring Data Redis repositories in DEFAULT mode.
2025-03-28 17:43:57.335 [main] INFO  o.s.d.r.c.RepositoryConfigurationExtensionSupport - Spring Data Redis - Could not safely identify store assignment for repository candidate interface UserService.repositories.AccessTokenProviderRepository; If you want this repository to be a Redis repository, consider annotating your entities with one of these annotations: org.springframework.data.redis.core.RedisHash (preferred), or consider extending one of the following types with your repository: org.springframework.data.keyvalue.repository.KeyValueRepository
2025-03-28 17:43:57.336 [main] INFO  o.s.d.r.c.RepositoryConfigurationExtensionSupport - Spring Data Redis - Could not safely identify store assignment for repository candidate interface UserService.repositories.RoleScopesRepository; If you want this repository to be a Redis repository, consider annotating your entities with one of these annotations: org.springframework.data.redis.core.RedisHash (preferred), or consider extending one of the following types with your repository: org.springframework.data.keyvalue.repository.KeyValueRepository
2025-03-28 17:43:57.336 [main] INFO  o.s.d.r.c.RepositoryConfigurationExtensionSupport - Spring Data Redis - Could not safely identify store assignment for repository candidate interface UserService.repositories.RolesRepository; If you want this repository to be a Redis repository, consider annotating your entities with one of these annotations: org.springframework.data.redis.core.RedisHash (preferred), or consider extending one of the following types with your repository: org.springframework.data.keyvalue.repository.KeyValueRepository
2025-03-28 17:43:57.336 [main] INFO  o.s.d.r.c.RepositoryConfigurationExtensionSupport - Spring Data Redis - Could not safely identify store assignment for repository candidate interface UserService.repositories.ScopesRepository; If you want this repository to be a Redis repository, consider annotating your entities with one of these annotations: org.springframework.data.redis.core.RedisHash (preferred), or consider extending one of the following types with your repository: org.springframework.data.keyvalue.repository.KeyValueRepository
2025-03-28 17:43:57.336 [main] INFO  o.s.d.r.c.RepositoryConfigurationExtensionSupport - Spring Data Redis - Could not safely identify store assignment for repository candidate interface UserService.repositories.UserRolesRepository; If you want this repository to be a Redis repository, consider annotating your entities with one of these annotations: org.springframework.data.redis.core.RedisHash (preferred), or consider extending one of the following types with your repository: org.springframework.data.keyvalue.repository.KeyValueRepository
2025-03-28 17:43:57.336 [main] INFO  o.s.d.r.c.RepositoryConfigurationExtensionSupport - Spring Data Redis - Could not safely identify store assignment for repository candidate interface UserService.repositories.UsersRepository; If you want this repository to be a Redis repository, consider annotating your entities with one of these annotations: org.springframework.data.redis.core.RedisHash (preferred), or consider extending one of the following types with your repository: org.springframework.data.keyvalue.repository.KeyValueRepository
2025-03-28 17:43:57.336 [main] INFO  o.s.d.r.c.RepositoryConfigurationDelegate - Finished Spring Data repository scanning in 4 ms. Found 0 Redis repository interfaces.
2025-03-28 17:43:57.580 [main] INFO  o.h.jpa.internal.util.LogHelper - HHH000204: Processing PersistenceUnitInfo [name: default]
2025-03-28 17:43:57.609 [main] INFO  org.hibernate.Version - HHH000412: Hibernate ORM core version 6.4.4.Final
2025-03-28 17:43:57.628 [main] INFO  o.h.c.i.RegionFactoryInitiator - HHH000026: Second-level cache disabled
2025-03-28 17:43:57.732 [main] INFO  o.s.o.j.p.SpringPersistenceUnitInfo - No LoadTimeWeaver setup: ignoring JPA class transformer
2025-03-28 17:43:57.744 [main] INFO  com.zaxxer.hikari.HikariDataSource - hungerbox - Starting...
2025-03-28 17:43:57.835 [main] INFO  com.zaxxer.hikari.pool.HikariPool - hungerbox - Added connection com.mysql.cj.jdbc.ConnectionImpl@70c31b17
2025-03-28 17:43:57.835 [main] INFO  com.zaxxer.hikari.HikariDataSource - hungerbox - Start completed.
2025-03-28 17:43:57.866 [main] WARN  org.hibernate.orm.deprecation - HHH90000025: MySQL8Dialect does not need to be specified explicitly using 'hibernate.dialect' (remove the property setting and it will be selected by default)
2025-03-28 17:43:57.866 [main] WARN  org.hibernate.orm.deprecation - HHH90000026: MySQL8Dialect has been deprecated; use org.hibernate.dialect.MySQLDialect instead
2025-03-28 17:43:58.289 [main] INFO  o.h.e.t.j.p.i.JtaPlatformInitiator - HHH000489: No JTA platform available (set 'hibernate.transaction.jta.platform' to enable JTA platform integration)
2025-03-28 17:43:58.329 [main] INFO  o.s.o.j.LocalContainerEntityManagerFactoryBean - Initialized JPA EntityManagerFactory for persistence unit 'default'
2025-03-28 17:43:58.493 [main] INFO  o.s.d.j.r.query.QueryEnhancerFactory - Hibernate is in classpath; If applicable, HQL parser will be used.
2025-03-28 17:43:58.957 [main] WARN  o.s.b.a.o.j.JpaBaseConfiguration$JpaWebConfiguration - spring.jpa.open-in-view is enabled by default. Therefore, database queries may be performed during view rendering. Explicitly configure spring.jpa.open-in-view to disable this warning
2025-03-28 17:43:59.136 [main] INFO  o.s.s.web.DefaultSecurityFilterChain - Will secure any request with [org.springframework.security.web.session.DisableEncodeUrlFilter@b38dc7d, org.springframework.security.web.context.request.async.WebAsyncManagerIntegrationFilter@746cb25d, org.springframework.security.web.context.SecurityContextHolderFilter@293ccbdd, org.springframework.security.web.header.HeaderWriterFilter@732ffb6a, org.springframework.web.filter.CorsFilter@4b9187de, org.springframework.security.web.authentication.logout.LogoutFilter@3e37c38f, UserService.configs.BearerTokenAuthenticationFilter@33f5d807, org.springframework.security.web.savedrequest.RequestCacheAwareFilter@474a63d9, org.springframework.security.web.servletapi.SecurityContextHolderAwareRequestFilter@1b8d0c21, org.springframework.security.web.authentication.AnonymousAuthenticationFilter@7c068c7b, org.springframework.security.web.session.SessionManagementFilter@77198cce, org.springframework.security.web.access.ExceptionTranslationFilter@60035f1e, org.springframework.security.web.access.intercept.AuthorizationFilter@5cf4c93]
2025-03-28 17:43:59.381 [main] INFO  U.UserServiceApplicationTests - Started UserServiceApplicationTests in 2.64 seconds (process running for 3.084)
2025-03-28 17:43:59.733 [SpringApplicationShutdownHook] INFO  o.s.o.j.LocalContainerEntityManagerFactoryBean - Closing JPA EntityManagerFactory for persistence unit 'default'
2025-03-28 17:43:59.734 [SpringApplicationShutdownHook] INFO  com.zaxxer.hikari.HikariDataSource - hungerbox - Shutdown initiated...
2025-03-28 17:43:59.738 [SpringApplicationShutdownHook] INFO  com.zaxxer.hikari.HikariDataSource - hungerbox - Shutdown completed.
2025-03-28 17:45:11.763 [main] INFO  U.UserServiceApplicationTests - Starting UserServiceApplicationTests using Java 23.0.2 with PID 22077 (started by hungerbox in /Users/hungerbox/Documents/Projects/SpringBoot-eCommerce/UserService)
2025-03-28 17:45:11.764 [main] DEBUG U.UserServiceApplicationTests - Running with Spring Boot v3.2.4, Spring v6.1.5
2025-03-28 17:45:11.764 [main] INFO  U.UserServiceApplicationTests - No active profile set, falling back to 1 default profile: "default"
2025-03-28 17:45:12.069 [main] INFO  o.s.d.r.c.RepositoryConfigurationDelegate - Multiple Spring Data modules found, entering strict repository configuration mode
2025-03-28 17:45:12.070 [main] INFO  o.s.d.r.c.RepositoryConfigurationDelegate - Bootstrapping Spring Data JPA repositories in DEFAULT mode.
2025-03-28 17:45:12.149 [main] INFO  o.s.d.r.c.RepositoryConfigurationDelegate - Finished Spring Data repository scanning in 76 ms. Found 6 JPA repository interfaces.
2025-03-28 17:45:12.161 [main] INFO  o.s.d.r.c.RepositoryConfigurationDelegate - Multiple Spring Data modules found, entering strict repository configuration mode
2025-03-28 17:45:12.162 [main] INFO  o.s.d.r.c.RepositoryConfigurationDelegate - Bootstrapping Spring Data Redis repositories in DEFAULT mode.
2025-03-28 17:45:12.168 [main] INFO  o.s.d.r.c.RepositoryConfigurationExtensionSupport - Spring Data Redis - Could not safely identify store assignment for repository candidate interface UserService.repositories.AccessTokenProviderRepository; If you want this repository to be a Redis repository, consider annotating your entities with one of these annotations: org.springframework.data.redis.core.RedisHash (preferred), or consider extending one of the following types with your repository: org.springframework.data.keyvalue.repository.KeyValueRepository
2025-03-28 17:45:12.168 [main] INFO  o.s.d.r.c.RepositoryConfigurationExtensionSupport - Spring Data Redis - Could not safely identify store assignment for repository candidate interface UserService.repositories.RoleScopesRepository; If you want this repository to be a Redis repository, consider annotating your entities with one of these annotations: org.springframework.data.redis.core.RedisHash (preferred), or consider extending one of the following types with your repository: org.springframework.data.keyvalue.repository.KeyValueRepository
2025-03-28 17:45:12.169 [main] INFO  o.s.d.r.c.RepositoryConfigurationExtensionSupport - Spring Data Redis - Could not safely identify store assignment for repository candidate interface UserService.repositories.RolesRepository; If you want this repository to be a Redis repository, consider annotating your entities with one of these annotations: org.springframework.data.redis.core.RedisHash (preferred), or consider extending one of the following types with your repository: org.springframework.data.keyvalue.repository.KeyValueRepository
2025-03-28 17:45:12.169 [main] INFO  o.s.d.r.c.RepositoryConfigurationExtensionSupport - Spring Data Redis - Could not safely identify store assignment for repository candidate interface UserService.repositories.ScopesRepository; If you want this repository to be a Redis repository, consider annotating your entities with one of these annotations: org.springframework.data.redis.core.RedisHash (preferred), or consider extending one of the following types with your repository: org.springframework.data.keyvalue.repository.KeyValueRepository
2025-03-28 17:45:12.169 [main] INFO  o.s.d.r.c.RepositoryConfigurationExtensionSupport - Spring Data Redis - Could not safely identify store assignment for repository candidate interface UserService.repositories.UserRolesRepository; If you want this repository to be a Redis repository, consider annotating your entities with one of these annotations: org.springframework.data.redis.core.RedisHash (preferred), or consider extending one of the following types with your repository: org.springframework.data.keyvalue.repository.KeyValueRepository
2025-03-28 17:45:12.169 [main] INFO  o.s.d.r.c.RepositoryConfigurationExtensionSupport - Spring Data Redis - Could not safely identify store assignment for repository candidate interface UserService.repositories.UsersRepository; If you want this repository to be a Redis repository, consider annotating your entities with one of these annotations: org.springframework.data.redis.core.RedisHash (preferred), or consider extending one of the following types with your repository: org.springframework.data.keyvalue.repository.KeyValueRepository
2025-03-28 17:45:12.169 [main] INFO  o.s.d.r.c.RepositoryConfigurationDelegate - Finished Spring Data repository scanning in 4 ms. Found 0 Redis repository interfaces.
2025-03-28 17:45:12.399 [main] INFO  o.h.jpa.internal.util.LogHelper - HHH000204: Processing PersistenceUnitInfo [name: default]
2025-03-28 17:45:12.420 [main] INFO  org.hibernate.Version - HHH000412: Hibernate ORM core version 6.4.4.Final
2025-03-28 17:45:12.442 [main] INFO  o.h.c.i.RegionFactoryInitiator - HHH000026: Second-level cache disabled
2025-03-28 17:45:12.535 [main] INFO  o.s.o.j.p.SpringPersistenceUnitInfo - No LoadTimeWeaver setup: ignoring JPA class transformer
2025-03-28 17:45:12.547 [main] INFO  com.zaxxer.hikari.HikariDataSource - hungerbox - Starting...
2025-03-28 17:45:12.653 [main] INFO  com.zaxxer.hikari.pool.HikariPool - hungerbox - Added connection com.mysql.cj.jdbc.ConnectionImpl@5341641d
2025-03-28 17:45:12.654 [main] INFO  com.zaxxer.hikari.HikariDataSource - hungerbox - Start completed.
2025-03-28 17:45:12.680 [main] WARN  org.hibernate.orm.deprecation - HHH90000025: MySQL8Dialect does not need to be specified explicitly using 'hibernate.dialect' (remove the property setting and it will be selected by default)
2025-03-28 17:45:12.680 [main] WARN  org.hibernate.orm.deprecation - HHH90000026: MySQL8Dialect has been deprecated; use org.hibernate.dialect.MySQLDialect instead
2025-03-28 17:45:13.073 [main] INFO  o.h.e.t.j.p.i.JtaPlatformInitiator - HHH000489: No JTA platform available (set 'hibernate.transaction.jta.platform' to enable JTA platform integration)
2025-03-28 17:45:13.106 [main] INFO  o.s.o.j.LocalContainerEntityManagerFactoryBean - Initialized JPA EntityManagerFactory for persistence unit 'default'
2025-03-28 17:45:13.264 [main] INFO  o.s.d.j.r.query.QueryEnhancerFactory - Hibernate is in classpath; If applicable, HQL parser will be used.
2025-03-28 17:45:13.713 [main] WARN  o.s.b.a.o.j.JpaBaseConfiguration$JpaWebConfiguration - spring.jpa.open-in-view is enabled by default. Therefore, database queries may be performed during view rendering. Explicitly configure spring.jpa.open-in-view to disable this warning
2025-03-28 17:45:13.866 [main] INFO  o.s.s.web.DefaultSecurityFilterChain - Will secure any request with [org.springframework.security.web.session.DisableEncodeUrlFilter@74bca236, org.springframework.security.web.context.request.async.WebAsyncManagerIntegrationFilter@526fbb80, org.springframework.security.web.context.SecurityContextHolderFilter@2459715c, org.springframework.security.web.header.HeaderWriterFilter@256a25a8, org.springframework.web.filter.CorsFilter@33dcbdc2, org.springframework.security.web.authentication.logout.LogoutFilter@522fdf0c, UserService.configs.BearerTokenAuthenticationFilter@27e0906f, org.springframework.security.web.savedrequest.RequestCacheAwareFilter@4ce66169, org.springframework.security.web.servletapi.SecurityContextHolderAwareRequestFilter@53d0cf4d, org.springframework.security.web.authentication.AnonymousAuthenticationFilter@3e37c38f, org.springframework.security.web.session.SessionManagementFilter@5827908c, org.springframework.security.web.access.ExceptionTranslationFilter@6d4bdb75, org.springframework.security.web.access.intercept.AuthorizationFilter@1da77a43]
2025-03-28 17:45:14.095 [main] INFO  U.UserServiceApplicationTests - Started UserServiceApplicationTests in 2.493 seconds (process running for 2.914)
2025-03-28 17:45:14.440 [SpringApplicationShutdownHook] INFO  o.s.o.j.LocalContainerEntityManagerFactoryBean - Closing JPA EntityManagerFactory for persistence unit 'default'
2025-03-28 17:45:14.441 [SpringApplicationShutdownHook] INFO  com.zaxxer.hikari.HikariDataSource - hungerbox - Shutdown initiated...
2025-03-28 17:45:14.444 [SpringApplicationShutdownHook] INFO  com.zaxxer.hikari.HikariDataSource - hungerbox - Shutdown completed.
2025-03-28 17:46:11.648 [main] INFO  U.UserServiceApplicationTests - Starting UserServiceApplicationTests using Java 23.0.2 with PID 22248 (started by hungerbox in /Users/hungerbox/Documents/Projects/SpringBoot-eCommerce/UserService)
2025-03-28 17:46:11.649 [main] DEBUG U.UserServiceApplicationTests - Running with Spring Boot v3.2.4, Spring v6.1.5
2025-03-28 17:46:11.649 [main] INFO  U.UserServiceApplicationTests - No active profile set, falling back to 1 default profile: "default"
2025-03-28 17:46:11.966 [main] INFO  o.s.d.r.c.RepositoryConfigurationDelegate - Multiple Spring Data modules found, entering strict repository configuration mode
2025-03-28 17:46:11.967 [main] INFO  o.s.d.r.c.RepositoryConfigurationDelegate - Bootstrapping Spring Data JPA repositories in DEFAULT mode.
2025-03-28 17:46:12.035 [main] INFO  o.s.d.r.c.RepositoryConfigurationDelegate - Finished Spring Data repository scanning in 64 ms. Found 6 JPA repository interfaces.
2025-03-28 17:46:12.044 [main] INFO  o.s.d.r.c.RepositoryConfigurationDelegate - Multiple Spring Data modules found, entering strict repository configuration mode
2025-03-28 17:46:12.045 [main] INFO  o.s.d.r.c.RepositoryConfigurationDelegate - Bootstrapping Spring Data Redis repositories in DEFAULT mode.
2025-03-28 17:46:12.053 [main] INFO  o.s.d.r.c.RepositoryConfigurationExtensionSupport - Spring Data Redis - Could not safely identify store assignment for repository candidate interface UserService.repositories.AccessTokenProviderRepository; If you want this repository to be a Redis repository, consider annotating your entities with one of these annotations: org.springframework.data.redis.core.RedisHash (preferred), or consider extending one of the following types with your repository: org.springframework.data.keyvalue.repository.KeyValueRepository
2025-03-28 17:46:12.053 [main] INFO  o.s.d.r.c.RepositoryConfigurationExtensionSupport - Spring Data Redis - Could not safely identify store assignment for repository candidate interface UserService.repositories.RoleScopesRepository; If you want this repository to be a Redis repository, consider annotating your entities with one of these annotations: org.springframework.data.redis.core.RedisHash (preferred), or consider extending one of the following types with your repository: org.springframework.data.keyvalue.repository.KeyValueRepository
2025-03-28 17:46:12.053 [main] INFO  o.s.d.r.c.RepositoryConfigurationExtensionSupport - Spring Data Redis - Could not safely identify store assignment for repository candidate interface UserService.repositories.RolesRepository; If you want this repository to be a Redis repository, consider annotating your entities with one of these annotations: org.springframework.data.redis.core.RedisHash (preferred), or consider extending one of the following types with your repository: org.springframework.data.keyvalue.repository.KeyValueRepository
2025-03-28 17:46:12.053 [main] INFO  o.s.d.r.c.RepositoryConfigurationExtensionSupport - Spring Data Redis - Could not safely identify store assignment for repository candidate interface UserService.repositories.ScopesRepository; If you want this repository to be a Redis repository, consider annotating your entities with one of these annotations: org.springframework.data.redis.core.RedisHash (preferred), or consider extending one of the following types with your repository: org.springframework.data.keyvalue.repository.KeyValueRepository
2025-03-28 17:46:12.054 [main] INFO  o.s.d.r.c.RepositoryConfigurationExtensionSupport - Spring Data Redis - Could not safely identify store assignment for repository candidate interface UserService.repositories.UserRolesRepository; If you want this repository to be a Redis repository, consider annotating your entities with one of these annotations: org.springframework.data.redis.core.RedisHash (preferred), or consider extending one of the following types with your repository: org.springframework.data.keyvalue.repository.KeyValueRepository
2025-03-28 17:46:12.054 [main] INFO  o.s.d.r.c.RepositoryConfigurationExtensionSupport - Spring Data Redis - Could not safely identify store assignment for repository candidate interface UserService.repositories.UsersRepository; If you want this repository to be a Redis repository, consider annotating your entities with one of these annotations: org.springframework.data.redis.core.RedisHash (preferred), or consider extending one of the following types with your repository: org.springframework.data.keyvalue.repository.KeyValueRepository
2025-03-28 17:46:12.054 [main] INFO  o.s.d.r.c.RepositoryConfigurationDelegate - Finished Spring Data repository scanning in 4 ms. Found 0 Redis repository interfaces.
2025-03-28 17:46:12.282 [main] INFO  o.h.jpa.internal.util.LogHelper - HHH000204: Processing PersistenceUnitInfo [name: default]
2025-03-28 17:46:12.310 [main] INFO  org.hibernate.Version - HHH000412: Hibernate ORM core version 6.4.4.Final
2025-03-28 17:46:12.327 [main] INFO  o.h.c.i.RegionFactoryInitiator - HHH000026: Second-level cache disabled
2025-03-28 17:46:12.423 [main] INFO  o.s.o.j.p.SpringPersistenceUnitInfo - No LoadTimeWeaver setup: ignoring JPA class transformer
2025-03-28 17:46:12.434 [main] INFO  com.zaxxer.hikari.HikariDataSource - hungerbox - Starting...
2025-03-28 17:46:12.520 [main] INFO  com.zaxxer.hikari.pool.HikariPool - hungerbox - Added connection com.mysql.cj.jdbc.ConnectionImpl@2f73f0c7
2025-03-28 17:46:12.521 [main] INFO  com.zaxxer.hikari.HikariDataSource - hungerbox - Start completed.
2025-03-28 17:46:12.558 [main] WARN  org.hibernate.orm.deprecation - HHH90000025: MySQL8Dialect does not need to be specified explicitly using 'hibernate.dialect' (remove the property setting and it will be selected by default)
2025-03-28 17:46:12.558 [main] WARN  org.hibernate.orm.deprecation - HHH90000026: MySQL8Dialect has been deprecated; use org.hibernate.dialect.MySQLDialect instead
2025-03-28 17:46:12.962 [main] INFO  o.h.e.t.j.p.i.JtaPlatformInitiator - HHH000489: No JTA platform available (set 'hibernate.transaction.jta.platform' to enable JTA platform integration)
2025-03-28 17:46:12.993 [main] INFO  o.s.o.j.LocalContainerEntityManagerFactoryBean - Initialized JPA EntityManagerFactory for persistence unit 'default'
2025-03-28 17:46:13.155 [main] INFO  o.s.d.j.r.query.QueryEnhancerFactory - Hibernate is in classpath; If applicable, HQL parser will be used.
2025-03-28 17:46:13.609 [main] WARN  o.s.b.a.o.j.JpaBaseConfiguration$JpaWebConfiguration - spring.jpa.open-in-view is enabled by default. Therefore, database queries may be performed during view rendering. Explicitly configure spring.jpa.open-in-view to disable this warning
2025-03-28 17:46:13.793 [main] INFO  o.s.s.web.DefaultSecurityFilterChain - Will secure any request with [org.springframework.security.web.session.DisableEncodeUrlFilter@19e552a3, org.springframework.security.web.context.request.async.WebAsyncManagerIntegrationFilter@5091456c, org.springframework.security.web.context.SecurityContextHolderFilter@40f40221, org.springframework.security.web.header.HeaderWriterFilter@453ca7f, org.springframework.web.filter.CorsFilter@45c57dbd, org.springframework.security.web.authentication.logout.LogoutFilter@3a089620, UserService.configs.BearerTokenAuthenticationFilter@5748638c, org.springframework.security.web.savedrequest.RequestCacheAwareFilter@6d3b59e2, org.springframework.security.web.servletapi.SecurityContextHolderAwareRequestFilter@164dfad2, org.springframework.security.web.authentication.AnonymousAuthenticationFilter@22a5f12, org.springframework.security.web.session.SessionManagementFilter@72e4905c, org.springframework.security.web.access.ExceptionTranslationFilter@5aad4194, org.springframework.security.web.access.intercept.AuthorizationFilter@56f3f9da]
2025-03-28 17:46:14.029 [main] INFO  U.UserServiceApplicationTests - Started UserServiceApplicationTests in 2.545 seconds (process running for 3.023)
2025-03-28 17:46:14.377 [SpringApplicationShutdownHook] INFO  o.s.o.j.LocalContainerEntityManagerFactoryBean - Closing JPA EntityManagerFactory for persistence unit 'default'
2025-03-28 17:46:14.378 [SpringApplicationShutdownHook] INFO  com.zaxxer.hikari.HikariDataSource - hungerbox - Shutdown initiated...
2025-03-28 17:46:14.382 [SpringApplicationShutdownHook] INFO  com.zaxxer.hikari.HikariDataSource - hungerbox - Shutdown completed.
2025-03-28 17:53:07.170 [main] INFO  U.UserServiceApplicationTests - Starting UserServiceApplicationTests using Java 23.0.2 with PID 23584 (started by hungerbox in /Users/hungerbox/Documents/Projects/SpringBoot-eCommerce/UserService)
2025-03-28 17:53:07.171 [main] DEBUG U.UserServiceApplicationTests - Running with Spring Boot v3.2.4, Spring v6.1.5
2025-03-28 17:53:07.171 [main] INFO  U.UserServiceApplicationTests - No active profile set, falling back to 1 default profile: "default"
2025-03-28 17:53:07.527 [main] INFO  o.s.d.r.c.RepositoryConfigurationDelegate - Multiple Spring Data modules found, entering strict repository configuration mode
2025-03-28 17:53:07.528 [main] INFO  o.s.d.r.c.RepositoryConfigurationDelegate - Bootstrapping Spring Data JPA repositories in DEFAULT mode.
2025-03-28 17:53:07.604 [main] INFO  o.s.d.r.c.RepositoryConfigurationDelegate - Finished Spring Data repository scanning in 71 ms. Found 6 JPA repository interfaces.
2025-03-28 17:53:07.614 [main] INFO  o.s.d.r.c.RepositoryConfigurationDelegate - Multiple Spring Data modules found, entering strict repository configuration mode
2025-03-28 17:53:07.614 [main] INFO  o.s.d.r.c.RepositoryConfigurationDelegate - Bootstrapping Spring Data Redis repositories in DEFAULT mode.
2025-03-28 17:53:07.621 [main] INFO  o.s.d.r.c.RepositoryConfigurationExtensionSupport - Spring Data Redis - Could not safely identify store assignment for repository candidate interface UserService.repositories.AccessTokenProviderRepository; If you want this repository to be a Redis repository, consider annotating your entities with one of these annotations: org.springframework.data.redis.core.RedisHash (preferred), or consider extending one of the following types with your repository: org.springframework.data.keyvalue.repository.KeyValueRepository
2025-03-28 17:53:07.621 [main] INFO  o.s.d.r.c.RepositoryConfigurationExtensionSupport - Spring Data Redis - Could not safely identify store assignment for repository candidate interface UserService.repositories.RoleScopesRepository; If you want this repository to be a Redis repository, consider annotating your entities with one of these annotations: org.springframework.data.redis.core.RedisHash (preferred), or consider extending one of the following types with your repository: org.springframework.data.keyvalue.repository.KeyValueRepository
2025-03-28 17:53:07.622 [main] INFO  o.s.d.r.c.RepositoryConfigurationExtensionSupport - Spring Data Redis - Could not safely identify store assignment for repository candidate interface UserService.repositories.RolesRepository; If you want this repository to be a Redis repository, consider annotating your entities with one of these annotations: org.springframework.data.redis.core.RedisHash (preferred), or consider extending one of the following types with your repository: org.springframework.data.keyvalue.repository.KeyValueRepository
2025-03-28 17:53:07.622 [main] INFO  o.s.d.r.c.RepositoryConfigurationExtensionSupport - Spring Data Redis - Could not safely identify store assignment for repository candidate interface UserService.repositories.ScopesRepository; If you want this repository to be a Redis repository, consider annotating your entities with one of these annotations: org.springframework.data.redis.core.RedisHash (preferred), or consider extending one of the following types with your repository: org.springframework.data.keyvalue.repository.KeyValueRepository
2025-03-28 17:53:07.622 [main] INFO  o.s.d.r.c.RepositoryConfigurationExtensionSupport - Spring Data Redis - Could not safely identify store assignment for repository candidate interface UserService.repositories.UserRolesRepository; If you want this repository to be a Redis repository, consider annotating your entities with one of these annotations: org.springframework.data.redis.core.RedisHash (preferred), or consider extending one of the following types with your repository: org.springframework.data.keyvalue.repository.KeyValueRepository
2025-03-28 17:53:07.622 [main] INFO  o.s.d.r.c.RepositoryConfigurationExtensionSupport - Spring Data Redis - Could not safely identify store assignment for repository candidate interface UserService.repositories.UsersRepository; If you want this repository to be a Redis repository, consider annotating your entities with one of these annotations: org.springframework.data.redis.core.RedisHash (preferred), or consider extending one of the following types with your repository: org.springframework.data.keyvalue.repository.KeyValueRepository
2025-03-28 17:53:07.622 [main] INFO  o.s.d.r.c.RepositoryConfigurationDelegate - Finished Spring Data repository scanning in 4 ms. Found 0 Redis repository interfaces.
2025-03-28 17:53:07.863 [main] INFO  o.h.jpa.internal.util.LogHelper - HHH000204: Processing PersistenceUnitInfo [name: default]
2025-03-28 17:53:07.903 [main] INFO  org.hibernate.Version - HHH000412: Hibernate ORM core version 6.4.4.Final
2025-03-28 17:53:07.921 [main] INFO  o.h.c.i.RegionFactoryInitiator - HHH000026: Second-level cache disabled
2025-03-28 17:53:08.035 [main] INFO  o.s.o.j.p.SpringPersistenceUnitInfo - No LoadTimeWeaver setup: ignoring JPA class transformer
2025-03-28 17:53:08.048 [main] INFO  com.zaxxer.hikari.HikariDataSource - hungerbox - Starting...
2025-03-28 17:53:08.138 [main] INFO  com.zaxxer.hikari.pool.HikariPool - hungerbox - Added connection com.mysql.cj.jdbc.ConnectionImpl@2f73f0c7
2025-03-28 17:53:08.140 [main] INFO  com.zaxxer.hikari.HikariDataSource - hungerbox - Start completed.
2025-03-28 17:53:08.162 [main] WARN  org.hibernate.orm.deprecation - HHH90000025: MySQL8Dialect does not need to be specified explicitly using 'hibernate.dialect' (remove the property setting and it will be selected by default)
2025-03-28 17:53:08.162 [main] WARN  org.hibernate.orm.deprecation - HHH90000026: MySQL8Dialect has been deprecated; use org.hibernate.dialect.MySQLDialect instead
2025-03-28 17:53:08.592 [main] INFO  o.h.e.t.j.p.i.JtaPlatformInitiator - HHH000489: No JTA platform available (set 'hibernate.transaction.jta.platform' to enable JTA platform integration)
2025-03-28 17:53:08.625 [main] INFO  o.s.o.j.LocalContainerEntityManagerFactoryBean - Initialized JPA EntityManagerFactory for persistence unit 'default'
2025-03-28 17:53:08.788 [main] INFO  o.s.d.j.r.query.QueryEnhancerFactory - Hibernate is in classpath; If applicable, HQL parser will be used.
2025-03-28 17:53:09.247 [main] WARN  o.s.b.a.o.j.JpaBaseConfiguration$JpaWebConfiguration - spring.jpa.open-in-view is enabled by default. Therefore, database queries may be performed during view rendering. Explicitly configure spring.jpa.open-in-view to disable this warning
2025-03-28 17:53:09.407 [main] INFO  o.s.s.web.DefaultSecurityFilterChain - Will secure any request with [org.springframework.security.web.session.DisableEncodeUrlFilter@19e552a3, org.springframework.security.web.context.request.async.WebAsyncManagerIntegrationFilter@5091456c, org.springframework.security.web.context.SecurityContextHolderFilter@40f40221, org.springframework.security.web.header.HeaderWriterFilter@453ca7f, org.springframework.web.filter.CorsFilter@45c57dbd, org.springframework.security.web.authentication.logout.LogoutFilter@3a089620, UserService.configs.BearerTokenAuthenticationFilter@5748638c, org.springframework.security.web.savedrequest.RequestCacheAwareFilter@6d3b59e2, org.springframework.security.web.servletapi.SecurityContextHolderAwareRequestFilter@164dfad2, org.springframework.security.web.authentication.AnonymousAuthenticationFilter@22a5f12, org.springframework.security.web.session.SessionManagementFilter@72e4905c, org.springframework.security.web.access.ExceptionTranslationFilter@5aad4194, org.springframework.security.web.access.intercept.AuthorizationFilter@56f3f9da]
2025-03-28 17:53:09.638 [main] INFO  U.UserServiceApplicationTests - Started UserServiceApplicationTests in 2.638 seconds (process running for 3.071)
2025-03-28 17:53:09.987 [SpringApplicationShutdownHook] INFO  o.s.o.j.LocalContainerEntityManagerFactoryBean - Closing JPA EntityManagerFactory for persistence unit 'default'
2025-03-28 17:53:09.988 [SpringApplicationShutdownHook] INFO  com.zaxxer.hikari.HikariDataSource - hungerbox - Shutdown initiated...
2025-03-28 17:53:09.991 [SpringApplicationShutdownHook] INFO  com.zaxxer.hikari.HikariDataSource - hungerbox - Shutdown completed.
2025-03-28 17:54:14.647 [main] INFO  U.UserServiceApplicationTests - Starting UserServiceApplicationTests using Java 23.0.2 with PID 23724 (started by hungerbox in /Users/hungerbox/Documents/Projects/SpringBoot-eCommerce/UserService)
2025-03-28 17:54:14.648 [main] DEBUG U.UserServiceApplicationTests - Running with Spring Boot v3.2.4, Spring v6.1.5
2025-03-28 17:54:14.648 [main] INFO  U.UserServiceApplicationTests - No active profile set, falling back to 1 default profile: "default"
2025-03-28 17:54:14.979 [main] INFO  o.s.d.r.c.RepositoryConfigurationDelegate - Multiple Spring Data modules found, entering strict repository configuration mode
2025-03-28 17:54:14.980 [main] INFO  o.s.d.r.c.RepositoryConfigurationDelegate - Bootstrapping Spring Data JPA repositories in DEFAULT mode.
2025-03-28 17:54:15.060 [main] INFO  o.s.d.r.c.RepositoryConfigurationDelegate - Finished Spring Data repository scanning in 76 ms. Found 6 JPA repository interfaces.
2025-03-28 17:54:15.070 [main] INFO  o.s.d.r.c.RepositoryConfigurationDelegate - Multiple Spring Data modules found, entering strict repository configuration mode
2025-03-28 17:54:15.070 [main] INFO  o.s.d.r.c.RepositoryConfigurationDelegate - Bootstrapping Spring Data Redis repositories in DEFAULT mode.
2025-03-28 17:54:15.077 [main] INFO  o.s.d.r.c.RepositoryConfigurationExtensionSupport - Spring Data Redis - Could not safely identify store assignment for repository candidate interface UserService.repositories.AccessTokenProviderRepository; If you want this repository to be a Redis repository, consider annotating your entities with one of these annotations: org.springframework.data.redis.core.RedisHash (preferred), or consider extending one of the following types with your repository: org.springframework.data.keyvalue.repository.KeyValueRepository
2025-03-28 17:54:15.078 [main] INFO  o.s.d.r.c.RepositoryConfigurationExtensionSupport - Spring Data Redis - Could not safely identify store assignment for repository candidate interface UserService.repositories.RoleScopesRepository; If you want this repository to be a Redis repository, consider annotating your entities with one of these annotations: org.springframework.data.redis.core.RedisHash (preferred), or consider extending one of the following types with your repository: org.springframework.data.keyvalue.repository.KeyValueRepository
2025-03-28 17:54:15.078 [main] INFO  o.s.d.r.c.RepositoryConfigurationExtensionSupport - Spring Data Redis - Could not safely identify store assignment for repository candidate interface UserService.repositories.RolesRepository; If you want this repository to be a Redis repository, consider annotating your entities with one of these annotations: org.springframework.data.redis.core.RedisHash (preferred), or consider extending one of the following types with your repository: org.springframework.data.keyvalue.repository.KeyValueRepository
2025-03-28 17:54:15.078 [main] INFO  o.s.d.r.c.RepositoryConfigurationExtensionSupport - Spring Data Redis - Could not safely identify store assignment for repository candidate interface UserService.repositories.ScopesRepository; If you want this repository to be a Redis repository, consider annotating your entities with one of these annotations: org.springframework.data.redis.core.RedisHash (preferred), or consider extending one of the following types with your repository: org.springframework.data.keyvalue.repository.KeyValueRepository
2025-03-28 17:54:15.078 [main] INFO  o.s.d.r.c.RepositoryConfigurationExtensionSupport - Spring Data Redis - Could not safely identify store assignment for repository candidate interface UserService.repositories.UserRolesRepository; If you want this repository to be a Redis repository, consider annotating your entities with one of these annotations: org.springframework.data.redis.core.RedisHash (preferred), or consider extending one of the following types with your repository: org.springframework.data.keyvalue.repository.KeyValueRepository
2025-03-28 17:54:15.078 [main] INFO  o.s.d.r.c.RepositoryConfigurationExtensionSupport - Spring Data Redis - Could not safely identify store assignment for repository candidate interface UserService.repositories.UsersRepository; If you want this repository to be a Redis repository, consider annotating your entities with one of these annotations: org.springframework.data.redis.core.RedisHash (preferred), or consider extending one of the following types with your repository: org.springframework.data.keyvalue.repository.KeyValueRepository
2025-03-28 17:54:15.079 [main] INFO  o.s.d.r.c.RepositoryConfigurationDelegate - Finished Spring Data repository scanning in 4 ms. Found 0 Redis repository interfaces.
2025-03-28 17:54:15.318 [main] INFO  o.h.jpa.internal.util.LogHelper - HHH000204: Processing PersistenceUnitInfo [name: default]
2025-03-28 17:54:15.355 [main] INFO  org.hibernate.Version - HHH000412: Hibernate ORM core version 6.4.4.Final
2025-03-28 17:54:15.374 [main] INFO  o.h.c.i.RegionFactoryInitiator - HHH000026: Second-level cache disabled
2025-03-28 17:54:15.487 [main] INFO  o.s.o.j.p.SpringPersistenceUnitInfo - No LoadTimeWeaver setup: ignoring JPA class transformer
2025-03-28 17:54:15.501 [main] INFO  com.zaxxer.hikari.HikariDataSource - hungerbox - Starting...
2025-03-28 17:54:15.605 [main] INFO  com.zaxxer.hikari.pool.HikariPool - hungerbox - Added connection com.mysql.cj.jdbc.ConnectionImpl@60a6840c
2025-03-28 17:54:15.606 [main] INFO  com.zaxxer.hikari.HikariDataSource - hungerbox - Start completed.
2025-03-28 17:54:15.631 [main] WARN  org.hibernate.orm.deprecation - HHH90000025: MySQL8Dialect does not need to be specified explicitly using 'hibernate.dialect' (remove the property setting and it will be selected by default)
2025-03-28 17:54:15.632 [main] WARN  org.hibernate.orm.deprecation - HHH90000026: MySQL8Dialect has been deprecated; use org.hibernate.dialect.MySQLDialect instead
2025-03-28 17:54:16.064 [main] INFO  o.h.e.t.j.p.i.JtaPlatformInitiator - HHH000489: No JTA platform available (set 'hibernate.transaction.jta.platform' to enable JTA platform integration)
2025-03-28 17:54:16.095 [main] INFO  o.s.o.j.LocalContainerEntityManagerFactoryBean - Initialized JPA EntityManagerFactory for persistence unit 'default'
2025-03-28 17:54:16.265 [main] INFO  o.s.d.j.r.query.QueryEnhancerFactory - Hibernate is in classpath; If applicable, HQL parser will be used.
2025-03-28 17:54:16.757 [main] WARN  o.s.b.a.o.j.JpaBaseConfiguration$JpaWebConfiguration - spring.jpa.open-in-view is enabled by default. Therefore, database queries may be performed during view rendering. Explicitly configure spring.jpa.open-in-view to disable this warning
2025-03-28 17:54:16.934 [main] INFO  o.s.s.web.DefaultSecurityFilterChain - Will secure any request with [org.springframework.security.web.session.DisableEncodeUrlFilter@3a089620, org.springframework.security.web.context.request.async.WebAsyncManagerIntegrationFilter@2cbb9702, org.springframework.security.web.context.SecurityContextHolderFilter@797a5b31, org.springframework.security.web.header.HeaderWriterFilter@49d5b651, org.springframework.web.filter.CorsFilter@10fef6da, org.springframework.security.web.authentication.logout.LogoutFilter@353aadd7, UserService.configs.BearerTokenAuthenticationFilter@299022a9, org.springframework.security.web.savedrequest.RequestCacheAwareFilter@60035f1e, org.springframework.security.web.servletapi.SecurityContextHolderAwareRequestFilter@5827908c, org.springframework.security.web.authentication.AnonymousAuthenticationFilter@1da77a43, org.springframework.security.web.session.SessionManagementFilter@6dd0e2f4, org.springframework.security.web.access.ExceptionTranslationFilter@307ca947, org.springframework.security.web.access.intercept.AuthorizationFilter@6f3f2340]
2025-03-28 17:54:17.178 [main] INFO  U.UserServiceApplicationTests - Started UserServiceApplicationTests in 2.7 seconds (process running for 3.137)
2025-03-28 17:54:17.546 [SpringApplicationShutdownHook] INFO  o.s.o.j.LocalContainerEntityManagerFactoryBean - Closing JPA EntityManagerFactory for persistence unit 'default'
2025-03-28 17:54:17.547 [SpringApplicationShutdownHook] INFO  com.zaxxer.hikari.HikariDataSource - hungerbox - Shutdown initiated...
2025-03-28 17:54:17.551 [SpringApplicationShutdownHook] INFO  com.zaxxer.hikari.HikariDataSource - hungerbox - Shutdown completed.
