2025-04-01 00:47:01.773 [SpringApplicationShutdownHook] INFO  o.s.o.j.LocalContainerEntityManagerFactoryBean - Closing JPA EntityManagerFactory for persistence unit 'default'
2025-04-01 00:47:01.825 [SpringApplicationShutdownHook] INFO  com.zaxxer.hikari.HikariDataSource - hungerbox - Shutdown initiated...
2025-04-01 00:47:01.838 [SpringApplicationShutdownHook] INFO  com.zaxxer.hikari.HikariDataSource - hungerbox - Shutdown completed.
2025-04-01 00:47:16.309 [main] INFO  UserService.UserServiceApplication - Starting UserServiceApplication using Java 23.0.2 with PID 5859 (/Users/hungerbox/Documents/Projects/SpringBoot-eCommerce/UserService/target/classes started by hungerbox in /Users/hungerbox/Documents/Projects/SpringBoot-eCommerce)
2025-04-01 00:47:16.310 [main] DEBUG UserService.UserServiceApplication - Running with Spring Boot v3.2.4, Spring v6.1.5
2025-04-01 00:47:16.310 [main] INFO  UserService.UserServiceApplication - No active profile set, falling back to 1 default profile: "default"
2025-04-01 00:47:16.692 [main] INFO  o.s.d.r.c.RepositoryConfigurationDelegate - Multiple Spring Data modules found, entering strict repository configuration mode
2025-04-01 00:47:16.693 [main] INFO  o.s.d.r.c.RepositoryConfigurationDelegate - Bootstrapping Spring Data JPA repositories in DEFAULT mode.
2025-04-01 00:47:16.780 [main] INFO  o.s.d.r.c.RepositoryConfigurationDelegate - Finished Spring Data repository scanning in 84 ms. Found 6 JPA repository interfaces.
2025-04-01 00:47:16.789 [main] INFO  o.s.d.r.c.RepositoryConfigurationDelegate - Multiple Spring Data modules found, entering strict repository configuration mode
2025-04-01 00:47:16.790 [main] INFO  o.s.d.r.c.RepositoryConfigurationDelegate - Bootstrapping Spring Data Redis repositories in DEFAULT mode.
2025-04-01 00:47:16.803 [main] INFO  o.s.d.r.c.RepositoryConfigurationExtensionSupport - Spring Data Redis - Could not safely identify store assignment for repository candidate interface UserService.repositories.AccessTokenProviderRepository; If you want this repository to be a Redis repository, consider annotating your entities with one of these annotations: org.springframework.data.redis.core.RedisHash (preferred), or consider extending one of the following types with your repository: org.springframework.data.keyvalue.repository.KeyValueRepository
2025-04-01 00:47:16.803 [main] INFO  o.s.d.r.c.RepositoryConfigurationExtensionSupport - Spring Data Redis - Could not safely identify store assignment for repository candidate interface UserService.repositories.RoleScopesRepository; If you want this repository to be a Redis repository, consider annotating your entities with one of these annotations: org.springframework.data.redis.core.RedisHash (preferred), or consider extending one of the following types with your repository: org.springframework.data.keyvalue.repository.KeyValueRepository
2025-04-01 00:47:16.803 [main] INFO  o.s.d.r.c.RepositoryConfigurationExtensionSupport - Spring Data Redis - Could not safely identify store assignment for repository candidate interface UserService.repositories.RolesRepository; If you want this repository to be a Redis repository, consider annotating your entities with one of these annotations: org.springframework.data.redis.core.RedisHash (preferred), or consider extending one of the following types with your repository: org.springframework.data.keyvalue.repository.KeyValueRepository
2025-04-01 00:47:16.803 [main] INFO  o.s.d.r.c.RepositoryConfigurationExtensionSupport - Spring Data Redis - Could not safely identify store assignment for repository candidate interface UserService.repositories.ScopesRepository; If you want this repository to be a Redis repository, consider annotating your entities with one of these annotations: org.springframework.data.redis.core.RedisHash (preferred), or consider extending one of the following types with your repository: org.springframework.data.keyvalue.repository.KeyValueRepository
2025-04-01 00:47:16.803 [main] INFO  o.s.d.r.c.RepositoryConfigurationExtensionSupport - Spring Data Redis - Could not safely identify store assignment for repository candidate interface UserService.repositories.UserRolesRepository; If you want this repository to be a Redis repository, consider annotating your entities with one of these annotations: org.springframework.data.redis.core.RedisHash (preferred), or consider extending one of the following types with your repository: org.springframework.data.keyvalue.repository.KeyValueRepository
2025-04-01 00:47:16.803 [main] INFO  o.s.d.r.c.RepositoryConfigurationExtensionSupport - Spring Data Redis - Could not safely identify store assignment for repository candidate interface UserService.repositories.UsersRepository; If you want this repository to be a Redis repository, consider annotating your entities with one of these annotations: org.springframework.data.redis.core.RedisHash (preferred), or consider extending one of the following types with your repository: org.springframework.data.keyvalue.repository.KeyValueRepository
2025-04-01 00:47:16.803 [main] INFO  o.s.d.r.c.RepositoryConfigurationDelegate - Finished Spring Data repository scanning in 3 ms. Found 0 Redis repository interfaces.
2025-04-01 00:47:16.940 [main] INFO  o.s.cloud.context.scope.GenericScope - BeanFactory id=aa903e70-8f57-38aa-912c-a80b6ce7ae6e
2025-04-01 00:47:17.049 [main] WARN  o.s.c.s.PostProcessorRegistrationDelegate$BeanPostProcessorChecker - Bean 'org.springframework.cloud.client.loadbalancer.LoadBalancerAutoConfiguration$DeferringLoadBalancerInterceptorConfig' of type [org.springframework.cloud.client.loadbalancer.LoadBalancerAutoConfiguration$DeferringLoadBalancerInterceptorConfig] is not eligible for getting processed by all BeanPostProcessors (for example: not eligible for auto-proxying). The currently created BeanPostProcessor [lbRestClientPostProcessor] is declared through a non-static factory method on that class; consider declaring it as static instead.
2025-04-01 00:47:17.050 [main] WARN  o.s.c.s.PostProcessorRegistrationDelegate$BeanPostProcessorChecker - Bean 'deferringLoadBalancerInterceptor' of type [org.springframework.cloud.client.loadbalancer.DeferringLoadBalancerInterceptor] is not eligible for getting processed by all BeanPostProcessors (for example: not eligible for auto-proxying). Is this bean getting eagerly injected into a currently created BeanPostProcessor [lbRestClientPostProcessor]? Check the corresponding BeanPostProcessor declaration and its dependencies.
2025-04-01 00:47:17.188 [main] INFO  o.s.b.w.e.tomcat.TomcatWebServer - Tomcat initialized with port 6902 (http)
2025-04-01 00:47:17.193 [main] INFO  o.a.coyote.http11.Http11NioProtocol - Initializing ProtocolHandler ["http-nio-6902"]
2025-04-01 00:47:17.194 [main] INFO  o.a.catalina.core.StandardService - Starting service [Tomcat]
2025-04-01 00:47:17.194 [main] INFO  o.a.catalina.core.StandardEngine - Starting Servlet engine: [Apache Tomcat/10.1.19]
2025-04-01 00:47:17.227 [main] INFO  o.a.c.c.C.[Tomcat].[localhost].[/] - Initializing Spring embedded WebApplicationContext
2025-04-01 00:47:17.227 [main] INFO  o.s.b.w.s.c.ServletWebServerApplicationContext - Root WebApplicationContext: initialization completed in 894 ms
2025-04-01 00:47:17.316 [main] INFO  o.h.jpa.internal.util.LogHelper - HHH000204: Processing PersistenceUnitInfo [name: default]
2025-04-01 00:47:17.349 [main] INFO  org.hibernate.Version - HHH000412: Hibernate ORM core version 6.4.4.Final
2025-04-01 00:47:17.367 [main] INFO  o.h.c.i.RegionFactoryInitiator - HHH000026: Second-level cache disabled
2025-04-01 00:47:17.501 [main] INFO  o.s.o.j.p.SpringPersistenceUnitInfo - No LoadTimeWeaver setup: ignoring JPA class transformer
2025-04-01 00:47:17.516 [main] INFO  com.zaxxer.hikari.HikariDataSource - hungerbox - Starting...
2025-04-01 00:47:17.659 [main] INFO  com.zaxxer.hikari.pool.HikariPool - hungerbox - Added connection com.mysql.cj.jdbc.ConnectionImpl@5bb39285
2025-04-01 00:47:17.660 [main] INFO  com.zaxxer.hikari.HikariDataSource - hungerbox - Start completed.
2025-04-01 00:47:17.698 [main] WARN  org.hibernate.orm.deprecation - HHH90000025: MySQL8Dialect does not need to be specified explicitly using 'hibernate.dialect' (remove the property setting and it will be selected by default)
2025-04-01 00:47:17.698 [main] WARN  org.hibernate.orm.deprecation - HHH90000026: MySQL8Dialect has been deprecated; use org.hibernate.dialect.MySQLDialect instead
2025-04-01 00:47:18.240 [main] INFO  o.h.e.t.j.p.i.JtaPlatformInitiator - HHH000489: No JTA platform available (set 'hibernate.transaction.jta.platform' to enable JTA platform integration)
2025-04-01 00:47:18.445 [main] INFO  o.s.o.j.LocalContainerEntityManagerFactoryBean - Initialized JPA EntityManagerFactory for persistence unit 'default'
2025-04-01 00:47:18.609 [main] INFO  o.s.d.j.r.query.QueryEnhancerFactory - Hibernate is in classpath; If applicable, HQL parser will be used.
2025-04-01 00:47:19.106 [main] DEBUG U.c.BearerTokenAuthenticationFilter - Filter 'bearerTokenAuthenticationFilter' configured for use
2025-04-01 00:47:19.147 [main] WARN  o.s.b.a.o.j.JpaBaseConfiguration$JpaWebConfiguration - spring.jpa.open-in-view is enabled by default. Therefore, database queries may be performed during view rendering. Explicitly configure spring.jpa.open-in-view to disable this warning
2025-04-01 00:47:19.346 [main] INFO  o.s.s.web.DefaultSecurityFilterChain - Will secure any request with [org.springframework.security.web.session.DisableEncodeUrlFilter@6d1101eb, org.springframework.security.web.context.request.async.WebAsyncManagerIntegrationFilter@28089256, org.springframework.security.web.context.SecurityContextHolderFilter@29514616, org.springframework.security.web.header.HeaderWriterFilter@a29aced, org.springframework.web.filter.CorsFilter@3625110e, org.springframework.security.web.authentication.logout.LogoutFilter@681285ec, org.springframework.security.web.savedrequest.RequestCacheAwareFilter@76fece79, org.springframework.security.web.servletapi.SecurityContextHolderAwareRequestFilter@491ef90c, org.springframework.security.web.authentication.AnonymousAuthenticationFilter@6e6d4a64, org.springframework.security.web.session.SessionManagementFilter@12a065c5, org.springframework.security.web.access.ExceptionTranslationFilter@2fc94125, org.springframework.security.web.access.intercept.AuthorizationFilter@140a2add]
2025-04-01 00:47:19.654 [main] INFO  o.s.c.n.e.c.DiscoveryClientOptionalArgsConfiguration - Eureka HTTP Client uses RestTemplate.
2025-04-01 00:47:19.676 [main] WARN  o.s.c.l.c.LoadBalancerCacheAutoConfiguration$LoadBalancerCaffeineWarnLogger - Spring Cloud LoadBalancer is currently working with the default cache. While this cache implementation is useful for development and tests, it's recommended to use Caffeine cache in production.You can switch to using Caffeine cache, by adding it and org.springframework.cache.caffeine.CaffeineCacheManager to the classpath.
2025-04-01 00:47:19.702 [main] INFO  o.s.c.n.eureka.InstanceInfoFactory - Setting initial instance status as: STARTING
2025-04-01 00:47:19.713 [main] INFO  c.netflix.discovery.DiscoveryClient - Initializing Eureka in region us-east-1
2025-04-01 00:47:19.714 [main] INFO  c.n.d.s.r.aws.ConfigClusterResolver - Resolving eureka endpoints via configuration
2025-04-01 00:47:19.718 [main] INFO  c.netflix.discovery.DiscoveryClient - Disable delta property : false
2025-04-01 00:47:19.718 [main] INFO  c.netflix.discovery.DiscoveryClient - Single vip registry refresh property : null
2025-04-01 00:47:19.718 [main] INFO  c.netflix.discovery.DiscoveryClient - Force full registry fetch : false
2025-04-01 00:47:19.718 [main] INFO  c.netflix.discovery.DiscoveryClient - Application is null : false
2025-04-01 00:47:19.718 [main] INFO  c.netflix.discovery.DiscoveryClient - Registered Applications size is zero : true
2025-04-01 00:47:19.718 [main] INFO  c.netflix.discovery.DiscoveryClient - Application version is -1: true
2025-04-01 00:47:19.718 [main] INFO  c.netflix.discovery.DiscoveryClient - Getting all instance registry info from the eureka server
2025-04-01 00:47:19.938 [main] INFO  c.netflix.discovery.DiscoveryClient - The response status is 200
2025-04-01 00:47:19.939 [main] INFO  c.netflix.discovery.DiscoveryClient - Starting heartbeat executor: renew interval is: 30
2025-04-01 00:47:19.940 [main] INFO  c.n.discovery.InstanceInfoReplicator - InstanceInfoReplicator onDemand update allowed rate per min is 4
2025-04-01 00:47:19.941 [main] INFO  c.netflix.discovery.DiscoveryClient - Discovery Client initialized at timestamp 1743448639941 with initial instances count: 2
2025-04-01 00:47:19.945 [main] INFO  o.s.c.n.e.s.EurekaServiceRegistry - Registering application USER-SERVICE with eureka with status UP
2025-04-01 00:47:19.946 [main] INFO  c.netflix.discovery.DiscoveryClient - Saw local status change event StatusChangeEvent [timestamp=1743448639946, current=UP, previous=STARTING]
2025-04-01 00:47:19.946 [DiscoveryClient-InstanceInfoReplicator-%d] INFO  c.netflix.discovery.DiscoveryClient - DiscoveryClient_USER-SERVICE/192.168.29.27:User-Service:6902: registering service...
2025-04-01 00:47:19.947 [main] INFO  o.a.coyote.http11.Http11NioProtocol - Starting ProtocolHandler ["http-nio-6902"]
2025-04-01 00:47:19.962 [main] INFO  o.s.b.w.e.tomcat.TomcatWebServer - Tomcat started on port 6902 (http) with context path ''
2025-04-01 00:47:19.963 [main] INFO  o.s.c.n.e.s.EurekaAutoServiceRegistration - Updating port to 6902
2025-04-01 00:47:19.971 [main] INFO  UserService.UserServiceApplication - Started UserServiceApplication in 3.892 seconds (process running for 9.552)
2025-04-01 00:47:19.978 [DiscoveryClient-InstanceInfoReplicator-%d] INFO  c.netflix.discovery.DiscoveryClient - DiscoveryClient_USER-SERVICE/192.168.29.27:User-Service:6902 - registration status: 204
2025-04-01 00:52:19.711 [AsyncResolver-bootstrap-executor-%d] INFO  c.n.d.s.r.aws.ConfigClusterResolver - Resolving eureka endpoints via configuration
2025-04-06 22:26:23.266 [main] INFO  UserService.UserServiceApplication - Starting UserServiceApplication using Java 23.0.2 with PID 85516 (/Users/hungerbox/Documents/Projects/SpringBoot-eCommerce/UserService/target/classes started by hungerbox in /Users/hungerbox/Documents/Projects/SpringBoot-eCommerce)
2025-04-06 22:26:23.266 [main] DEBUG UserService.UserServiceApplication - Running with Spring Boot v3.2.4, Spring v6.1.5
2025-04-06 22:26:23.267 [main] INFO  UserService.UserServiceApplication - No active profile set, falling back to 1 default profile: "default"
2025-04-06 22:26:23.714 [main] INFO  o.s.d.r.c.RepositoryConfigurationDelegate - Multiple Spring Data modules found, entering strict repository configuration mode
2025-04-06 22:26:23.715 [main] INFO  o.s.d.r.c.RepositoryConfigurationDelegate - Bootstrapping Spring Data JPA repositories in DEFAULT mode.
2025-04-06 22:26:23.798 [main] INFO  o.s.d.r.c.RepositoryConfigurationDelegate - Finished Spring Data repository scanning in 79 ms. Found 6 JPA repository interfaces.
2025-04-06 22:26:23.813 [main] INFO  o.s.d.r.c.RepositoryConfigurationDelegate - Multiple Spring Data modules found, entering strict repository configuration mode
2025-04-06 22:26:23.813 [main] INFO  o.s.d.r.c.RepositoryConfigurationDelegate - Bootstrapping Spring Data Redis repositories in DEFAULT mode.
2025-04-06 22:26:23.825 [main] INFO  o.s.d.r.c.RepositoryConfigurationExtensionSupport - Spring Data Redis - Could not safely identify store assignment for repository candidate interface UserService.repositories.AccessTokenProviderRepository; If you want this repository to be a Redis repository, consider annotating your entities with one of these annotations: org.springframework.data.redis.core.RedisHash (preferred), or consider extending one of the following types with your repository: org.springframework.data.keyvalue.repository.KeyValueRepository
2025-04-06 22:26:23.825 [main] INFO  o.s.d.r.c.RepositoryConfigurationExtensionSupport - Spring Data Redis - Could not safely identify store assignment for repository candidate interface UserService.repositories.RoleScopesRepository; If you want this repository to be a Redis repository, consider annotating your entities with one of these annotations: org.springframework.data.redis.core.RedisHash (preferred), or consider extending one of the following types with your repository: org.springframework.data.keyvalue.repository.KeyValueRepository
2025-04-06 22:26:23.825 [main] INFO  o.s.d.r.c.RepositoryConfigurationExtensionSupport - Spring Data Redis - Could not safely identify store assignment for repository candidate interface UserService.repositories.RolesRepository; If you want this repository to be a Redis repository, consider annotating your entities with one of these annotations: org.springframework.data.redis.core.RedisHash (preferred), or consider extending one of the following types with your repository: org.springframework.data.keyvalue.repository.KeyValueRepository
2025-04-06 22:26:23.825 [main] INFO  o.s.d.r.c.RepositoryConfigurationExtensionSupport - Spring Data Redis - Could not safely identify store assignment for repository candidate interface UserService.repositories.ScopesRepository; If you want this repository to be a Redis repository, consider annotating your entities with one of these annotations: org.springframework.data.redis.core.RedisHash (preferred), or consider extending one of the following types with your repository: org.springframework.data.keyvalue.repository.KeyValueRepository
2025-04-06 22:26:23.825 [main] INFO  o.s.d.r.c.RepositoryConfigurationExtensionSupport - Spring Data Redis - Could not safely identify store assignment for repository candidate interface UserService.repositories.UserRolesRepository; If you want this repository to be a Redis repository, consider annotating your entities with one of these annotations: org.springframework.data.redis.core.RedisHash (preferred), or consider extending one of the following types with your repository: org.springframework.data.keyvalue.repository.KeyValueRepository
2025-04-06 22:26:23.825 [main] INFO  o.s.d.r.c.RepositoryConfigurationExtensionSupport - Spring Data Redis - Could not safely identify store assignment for repository candidate interface UserService.repositories.UsersRepository; If you want this repository to be a Redis repository, consider annotating your entities with one of these annotations: org.springframework.data.redis.core.RedisHash (preferred), or consider extending one of the following types with your repository: org.springframework.data.keyvalue.repository.KeyValueRepository
2025-04-06 22:26:23.825 [main] INFO  o.s.d.r.c.RepositoryConfigurationDelegate - Finished Spring Data repository scanning in 3 ms. Found 0 Redis repository interfaces.
2025-04-06 22:26:23.944 [main] INFO  o.s.cloud.context.scope.GenericScope - BeanFactory id=aa903e70-8f57-38aa-912c-a80b6ce7ae6e
2025-04-06 22:26:24.031 [main] WARN  o.s.c.s.PostProcessorRegistrationDelegate$BeanPostProcessorChecker - Bean 'org.springframework.cloud.client.loadbalancer.LoadBalancerAutoConfiguration$DeferringLoadBalancerInterceptorConfig' of type [org.springframework.cloud.client.loadbalancer.LoadBalancerAutoConfiguration$DeferringLoadBalancerInterceptorConfig] is not eligible for getting processed by all BeanPostProcessors (for example: not eligible for auto-proxying). The currently created BeanPostProcessor [lbRestClientPostProcessor] is declared through a non-static factory method on that class; consider declaring it as static instead.
2025-04-06 22:26:24.032 [main] WARN  o.s.c.s.PostProcessorRegistrationDelegate$BeanPostProcessorChecker - Bean 'deferringLoadBalancerInterceptor' of type [org.springframework.cloud.client.loadbalancer.DeferringLoadBalancerInterceptor] is not eligible for getting processed by all BeanPostProcessors (for example: not eligible for auto-proxying). Is this bean getting eagerly injected into a currently created BeanPostProcessor [lbRestClientPostProcessor]? Check the corresponding BeanPostProcessor declaration and its dependencies.
2025-04-06 22:26:24.164 [main] INFO  o.s.b.w.e.tomcat.TomcatWebServer - Tomcat initialized with port 6902 (http)
2025-04-06 22:26:24.170 [main] INFO  o.a.coyote.http11.Http11NioProtocol - Initializing ProtocolHandler ["http-nio-6902"]
2025-04-06 22:26:24.171 [main] INFO  o.a.catalina.core.StandardService - Starting service [Tomcat]
2025-04-06 22:26:24.171 [main] INFO  o.a.catalina.core.StandardEngine - Starting Servlet engine: [Apache Tomcat/10.1.19]
2025-04-06 22:26:24.202 [main] INFO  o.a.c.c.C.[Tomcat].[localhost].[/] - Initializing Spring embedded WebApplicationContext
2025-04-06 22:26:24.203 [main] INFO  o.s.b.w.s.c.ServletWebServerApplicationContext - Root WebApplicationContext: initialization completed in 913 ms
2025-04-06 22:26:24.289 [main] INFO  o.h.jpa.internal.util.LogHelper - HHH000204: Processing PersistenceUnitInfo [name: default]
2025-04-06 22:26:24.323 [main] INFO  org.hibernate.Version - HHH000412: Hibernate ORM core version 6.4.4.Final
2025-04-06 22:26:24.341 [main] INFO  o.h.c.i.RegionFactoryInitiator - HHH000026: Second-level cache disabled
2025-04-06 22:26:24.471 [main] INFO  o.s.o.j.p.SpringPersistenceUnitInfo - No LoadTimeWeaver setup: ignoring JPA class transformer
2025-04-06 22:26:24.487 [main] INFO  com.zaxxer.hikari.HikariDataSource - hungerbox - Starting...
2025-04-06 22:26:24.585 [main] INFO  com.zaxxer.hikari.pool.HikariPool - hungerbox - Added connection com.mysql.cj.jdbc.ConnectionImpl@7944c323
2025-04-06 22:26:24.586 [main] INFO  com.zaxxer.hikari.HikariDataSource - hungerbox - Start completed.
2025-04-06 22:26:24.619 [main] WARN  org.hibernate.orm.deprecation - HHH90000025: MySQL8Dialect does not need to be specified explicitly using 'hibernate.dialect' (remove the property setting and it will be selected by default)
2025-04-06 22:26:24.619 [main] WARN  org.hibernate.orm.deprecation - HHH90000026: MySQL8Dialect has been deprecated; use org.hibernate.dialect.MySQLDialect instead
2025-04-06 22:26:25.103 [main] INFO  o.h.e.t.j.p.i.JtaPlatformInitiator - HHH000489: No JTA platform available (set 'hibernate.transaction.jta.platform' to enable JTA platform integration)
2025-04-06 22:26:25.175 [main] INFO  o.s.o.j.LocalContainerEntityManagerFactoryBean - Initialized JPA EntityManagerFactory for persistence unit 'default'
2025-04-06 22:26:25.337 [main] INFO  o.s.d.j.r.query.QueryEnhancerFactory - Hibernate is in classpath; If applicable, HQL parser will be used.
2025-04-06 22:26:25.850 [main] DEBUG U.c.BearerTokenAuthenticationFilter - Filter 'bearerTokenAuthenticationFilter' configured for use
2025-04-06 22:26:25.888 [main] WARN  o.s.b.a.o.j.JpaBaseConfiguration$JpaWebConfiguration - spring.jpa.open-in-view is enabled by default. Therefore, database queries may be performed during view rendering. Explicitly configure spring.jpa.open-in-view to disable this warning
2025-04-06 22:26:26.094 [main] INFO  o.s.s.web.DefaultSecurityFilterChain - Will secure any request with [org.springframework.security.web.session.DisableEncodeUrlFilter@6760a91d, org.springframework.security.web.context.request.async.WebAsyncManagerIntegrationFilter@7953699e, org.springframework.security.web.context.SecurityContextHolderFilter@26db1100, org.springframework.security.web.header.HeaderWriterFilter@7569efdd, org.springframework.web.filter.CorsFilter@7de922ba, org.springframework.security.web.authentication.logout.LogoutFilter@620bab73, org.springframework.security.web.savedrequest.RequestCacheAwareFilter@18bec5eb, org.springframework.security.web.servletapi.SecurityContextHolderAwareRequestFilter@1155ab2c, org.springframework.security.web.authentication.AnonymousAuthenticationFilter@4644f3d4, org.springframework.security.web.session.SessionManagementFilter@76fece79, org.springframework.security.web.access.ExceptionTranslationFilter@67387eba, org.springframework.security.web.access.intercept.AuthorizationFilter@3625110e]
2025-04-06 22:26:26.400 [main] INFO  o.s.c.n.e.c.DiscoveryClientOptionalArgsConfiguration - Eureka HTTP Client uses RestTemplate.
2025-04-06 22:26:26.422 [main] WARN  o.s.c.l.c.LoadBalancerCacheAutoConfiguration$LoadBalancerCaffeineWarnLogger - Spring Cloud LoadBalancer is currently working with the default cache. While this cache implementation is useful for development and tests, it's recommended to use Caffeine cache in production.You can switch to using Caffeine cache, by adding it and org.springframework.cache.caffeine.CaffeineCacheManager to the classpath.
2025-04-06 22:26:26.448 [main] INFO  o.s.c.n.eureka.InstanceInfoFactory - Setting initial instance status as: STARTING
2025-04-06 22:26:26.459 [main] INFO  c.netflix.discovery.DiscoveryClient - Initializing Eureka in region us-east-1
2025-04-06 22:26:26.460 [main] INFO  c.n.d.s.r.aws.ConfigClusterResolver - Resolving eureka endpoints via configuration
2025-04-06 22:26:26.464 [main] INFO  c.netflix.discovery.DiscoveryClient - Disable delta property : false
2025-04-06 22:26:26.464 [main] INFO  c.netflix.discovery.DiscoveryClient - Single vip registry refresh property : null
2025-04-06 22:26:26.464 [main] INFO  c.netflix.discovery.DiscoveryClient - Force full registry fetch : false
2025-04-06 22:26:26.464 [main] INFO  c.netflix.discovery.DiscoveryClient - Application is null : false
2025-04-06 22:26:26.464 [main] INFO  c.netflix.discovery.DiscoveryClient - Registered Applications size is zero : true
2025-04-06 22:26:26.464 [main] INFO  c.netflix.discovery.DiscoveryClient - Application version is -1: true
2025-04-06 22:26:26.464 [main] INFO  c.netflix.discovery.DiscoveryClient - Getting all instance registry info from the eureka server
2025-04-06 22:26:26.734 [main] INFO  c.netflix.discovery.DiscoveryClient - The response status is 200
2025-04-06 22:26:26.735 [main] INFO  c.netflix.discovery.DiscoveryClient - Starting heartbeat executor: renew interval is: 30
2025-04-06 22:26:26.736 [main] INFO  c.n.discovery.InstanceInfoReplicator - InstanceInfoReplicator onDemand update allowed rate per min is 4
2025-04-06 22:26:26.736 [main] INFO  c.netflix.discovery.DiscoveryClient - Discovery Client initialized at timestamp 1743958586736 with initial instances count: 0
2025-04-06 22:26:26.740 [main] INFO  o.s.c.n.e.s.EurekaServiceRegistry - Registering application USER-SERVICE with eureka with status UP
2025-04-06 22:26:26.740 [main] INFO  c.netflix.discovery.DiscoveryClient - Saw local status change event StatusChangeEvent [timestamp=1743958586740, current=UP, previous=STARTING]
2025-04-06 22:26:26.741 [DiscoveryClient-InstanceInfoReplicator-%d] INFO  c.netflix.discovery.DiscoveryClient - DiscoveryClient_USER-SERVICE/192.168.29.27:User-Service:6902: registering service...
2025-04-06 22:26:26.741 [main] INFO  o.a.coyote.http11.Http11NioProtocol - Starting ProtocolHandler ["http-nio-6902"]
2025-04-06 22:26:26.749 [main] INFO  o.s.b.w.e.tomcat.TomcatWebServer - Tomcat started on port 6902 (http) with context path ''
2025-04-06 22:26:26.749 [main] INFO  o.s.c.n.e.s.EurekaAutoServiceRegistration - Updating port to 6902
2025-04-06 22:26:26.756 [main] INFO  UserService.UserServiceApplication - Started UserServiceApplication in 3.768 seconds (process running for 9.362)
2025-04-06 22:26:26.816 [DiscoveryClient-InstanceInfoReplicator-%d] INFO  c.netflix.discovery.DiscoveryClient - DiscoveryClient_USER-SERVICE/192.168.29.27:User-Service:6902 - registration status: 204
2025-04-06 22:26:56.743 [DiscoveryClient-CacheRefreshExecutor-%d] INFO  c.netflix.discovery.DiscoveryClient - Disable delta property : false
2025-04-06 22:26:56.746 [DiscoveryClient-CacheRefreshExecutor-%d] INFO  c.netflix.discovery.DiscoveryClient - Single vip registry refresh property : null
2025-04-06 22:26:56.746 [DiscoveryClient-CacheRefreshExecutor-%d] INFO  c.netflix.discovery.DiscoveryClient - Force full registry fetch : false
2025-04-06 22:26:56.746 [DiscoveryClient-CacheRefreshExecutor-%d] INFO  c.netflix.discovery.DiscoveryClient - Application is null : false
2025-04-06 22:26:56.746 [DiscoveryClient-CacheRefreshExecutor-%d] INFO  c.netflix.discovery.DiscoveryClient - Registered Applications size is zero : true
2025-04-06 22:26:56.746 [DiscoveryClient-CacheRefreshExecutor-%d] INFO  c.netflix.discovery.DiscoveryClient - Application version is -1: false
2025-04-06 22:26:56.746 [DiscoveryClient-CacheRefreshExecutor-%d] INFO  c.netflix.discovery.DiscoveryClient - Getting all instance registry info from the eureka server
2025-04-06 22:26:56.881 [DiscoveryClient-CacheRefreshExecutor-%d] INFO  c.netflix.discovery.DiscoveryClient - The response status is 200
2025-04-06 22:27:42.938 [http-nio-6902-exec-1] INFO  o.a.c.c.C.[Tomcat].[localhost].[/] - Initializing Spring DispatcherServlet 'dispatcherServlet'
2025-04-06 22:27:42.939 [http-nio-6902-exec-1] INFO  o.s.web.servlet.DispatcherServlet - Initializing Servlet 'dispatcherServlet'
2025-04-06 22:27:42.943 [http-nio-6902-exec-1] INFO  o.s.web.servlet.DispatcherServlet - Completed initialization in 4 ms
2025-04-06 22:27:42.957 [http-nio-6902-exec-1] WARN  U.c.BearerTokenAuthenticationFilter - Authorization header is missing
2025-04-06 22:27:42.960 [http-nio-6902-exec-1] INFO  U.c.RequestResponseLoggingInterceptor - Request: GET /spring/users/getUserDetailsForLogin?username=baiskhiyar&password=qwerty123 Payload: [empty] Headers: [accept:application/json, application/*+json]
2025-04-06 22:27:43.360 [http-nio-6902-exec-1] INFO  U.c.RequestResponseLoggingInterceptor - Response: /spring/users/getUserDetailsForLogin Status: 200 Payload: [empty] Headers: [Vary:Origin, Vary:Origin, Vary:Origin, X-Content-Type-Options:nosniff, X-XSS-Protection:0, Cache-Control:no-cache, no-store, max-age=0, must-revalidate, Pragma:no-cache, Expires:0, X-Frame-Options:DENY, Content-Type:application/json, Transfer-Encoding:chunked, Date:Sun, 06 Apr 2025 16:57:43 GMT, Keep-Alive:timeout=60, Connection:keep-alive]
2025-04-06 22:27:46.606 [http-nio-6902-exec-2] WARN  U.c.BearerTokenAuthenticationFilter - Authorization header is missing
2025-04-06 22:27:46.607 [http-nio-6902-exec-2] INFO  U.c.RequestResponseLoggingInterceptor - Request: GET /spring/users/getUserDetailsForLogin?username=baiskhiyar&password=qwerty123 Payload: [empty] Headers: [accept:application/json, application/*+json]
2025-04-06 22:27:46.736 [http-nio-6902-exec-2] INFO  U.c.RequestResponseLoggingInterceptor - Response: /spring/users/getUserDetailsForLogin Status: 200 Payload: [empty] Headers: [Vary:Origin, Vary:Origin, Vary:Origin, X-Content-Type-Options:nosniff, X-XSS-Protection:0, Cache-Control:no-cache, no-store, max-age=0, must-revalidate, Pragma:no-cache, Expires:0, X-Frame-Options:DENY, Content-Type:application/json, Transfer-Encoding:chunked, Date:Sun, 06 Apr 2025 16:57:46 GMT, Keep-Alive:timeout=60, Connection:keep-alive]
2025-04-06 22:27:47.424 [http-nio-6902-exec-3] WARN  U.c.BearerTokenAuthenticationFilter - Authorization header is missing
2025-04-06 22:27:47.424 [http-nio-6902-exec-3] INFO  U.c.RequestResponseLoggingInterceptor - Request: GET /spring/users/getUserDetailsForLogin?username=baiskhiyar&password=qwerty123 Payload: [empty] Headers: [accept:application/json, application/*+json]
2025-04-06 22:27:47.547 [http-nio-6902-exec-3] INFO  U.c.RequestResponseLoggingInterceptor - Response: /spring/users/getUserDetailsForLogin Status: 200 Payload: [empty] Headers: [Vary:Origin, Vary:Origin, Vary:Origin, X-Content-Type-Options:nosniff, X-XSS-Protection:0, Cache-Control:no-cache, no-store, max-age=0, must-revalidate, Pragma:no-cache, Expires:0, X-Frame-Options:DENY, Content-Type:application/json, Transfer-Encoding:chunked, Date:Sun, 06 Apr 2025 16:57:46 GMT, Keep-Alive:timeout=60, Connection:keep-alive]
2025-04-06 22:27:48.092 [http-nio-6902-exec-4] WARN  U.c.BearerTokenAuthenticationFilter - Authorization header is missing
2025-04-06 22:27:48.093 [http-nio-6902-exec-4] INFO  U.c.RequestResponseLoggingInterceptor - Request: GET /spring/users/getUserDetailsForLogin?username=baiskhiyar&password=qwerty123 Payload: [empty] Headers: [accept:application/json, application/*+json]
2025-04-06 22:27:48.221 [http-nio-6902-exec-4] INFO  U.c.RequestResponseLoggingInterceptor - Response: /spring/users/getUserDetailsForLogin Status: 200 Payload: [empty] Headers: [Vary:Origin, Vary:Origin, Vary:Origin, X-Content-Type-Options:nosniff, X-XSS-Protection:0, Cache-Control:no-cache, no-store, max-age=0, must-revalidate, Pragma:no-cache, Expires:0, X-Frame-Options:DENY, Content-Type:application/json, Transfer-Encoding:chunked, Date:Sun, 06 Apr 2025 16:57:48 GMT, Keep-Alive:timeout=60, Connection:keep-alive]
2025-04-06 22:27:48.707 [http-nio-6902-exec-5] WARN  U.c.BearerTokenAuthenticationFilter - Authorization header is missing
2025-04-06 22:27:48.708 [http-nio-6902-exec-5] INFO  U.c.RequestResponseLoggingInterceptor - Request: GET /spring/users/getUserDetailsForLogin?username=baiskhiyar&password=qwerty123 Payload: [empty] Headers: [accept:application/json, application/*+json]
2025-04-06 22:27:48.830 [http-nio-6902-exec-5] INFO  U.c.RequestResponseLoggingInterceptor - Response: /spring/users/getUserDetailsForLogin Status: 200 Payload: [empty] Headers: [Vary:Origin, Vary:Origin, Vary:Origin, X-Content-Type-Options:nosniff, X-XSS-Protection:0, Cache-Control:no-cache, no-store, max-age=0, must-revalidate, Pragma:no-cache, Expires:0, X-Frame-Options:DENY, Content-Type:application/json, Transfer-Encoding:chunked, Date:Sun, 06 Apr 2025 16:57:48 GMT, Keep-Alive:timeout=60, Connection:keep-alive]
2025-04-06 22:27:49.264 [http-nio-6902-exec-6] WARN  U.c.BearerTokenAuthenticationFilter - Authorization header is missing
2025-04-06 22:27:49.264 [http-nio-6902-exec-6] INFO  U.c.RequestResponseLoggingInterceptor - Request: GET /spring/users/getUserDetailsForLogin?username=baiskhiyar&password=qwerty123 Payload: [empty] Headers: [accept:application/json, application/*+json]
2025-04-06 22:27:49.391 [http-nio-6902-exec-6] INFO  U.c.RequestResponseLoggingInterceptor - Response: /spring/users/getUserDetailsForLogin Status: 200 Payload: [empty] Headers: [Vary:Origin, Vary:Origin, Vary:Origin, X-Content-Type-Options:nosniff, X-XSS-Protection:0, Cache-Control:no-cache, no-store, max-age=0, must-revalidate, Pragma:no-cache, Expires:0, X-Frame-Options:DENY, Content-Type:application/json, Transfer-Encoding:chunked, Date:Sun, 06 Apr 2025 16:57:49 GMT, Keep-Alive:timeout=60, Connection:keep-alive]
2025-04-06 22:29:11.843 [http-nio-6902-exec-8] WARN  U.c.BearerTokenAuthenticationFilter - Authorization header is missing
2025-04-06 22:29:11.845 [http-nio-6902-exec-8] INFO  U.c.RequestResponseLoggingInterceptor - Request: GET /spring/users/getUserDetailsForLogin?username=baiskhiyar&password=qwerty123 Payload: [empty] Headers: [accept:application/json, application/*+json]
2025-04-06 22:29:11.954 [http-nio-6902-exec-8] INFO  U.c.RequestResponseLoggingInterceptor - Response: /spring/users/getUserDetailsForLogin Status: 200 Payload: [empty] Headers: [Vary:Origin, Vary:Origin, Vary:Origin, X-Content-Type-Options:nosniff, X-XSS-Protection:0, Cache-Control:no-cache, no-store, max-age=0, must-revalidate, Pragma:no-cache, Expires:0, X-Frame-Options:DENY, Content-Type:application/json, Transfer-Encoding:chunked, Date:Sun, 06 Apr 2025 16:59:11 GMT, Keep-Alive:timeout=60, Connection:keep-alive]
2025-04-06 22:29:30.272 [http-nio-6902-exec-9] WARN  U.c.BearerTokenAuthenticationFilter - Authorization header is missing
2025-04-06 22:29:30.273 [http-nio-6902-exec-9] INFO  U.c.RequestResponseLoggingInterceptor - Request: GET /spring/users/getUserDetailsForLogin?username=baiskhiyara&password=qwerty123 Payload: [empty] Headers: [accept:application/json, application/*+json]
2025-04-06 22:29:30.349 [http-nio-6902-exec-9] ERROR U.controllers.UserController - User not found!
2025-04-06 22:29:30.351 [http-nio-6902-exec-9] INFO  U.c.RequestResponseLoggingInterceptor - Response: /spring/users/getUserDetailsForLogin Status: 500 Payload: [empty] Headers: [Vary:Origin, Vary:Origin, Vary:Origin, X-Content-Type-Options:nosniff, X-XSS-Protection:0, Cache-Control:no-cache, no-store, max-age=0, must-revalidate, Pragma:no-cache, Expires:0, X-Frame-Options:DENY, Content-Type:application/json, Content-Length:15, Date:Sun, 06 Apr 2025 16:59:30 GMT, Connection:close]
2025-04-06 22:29:32.190 [http-nio-6902-exec-10] WARN  U.c.BearerTokenAuthenticationFilter - Authorization header is missing
2025-04-06 22:29:32.191 [http-nio-6902-exec-10] INFO  U.c.RequestResponseLoggingInterceptor - Request: GET /spring/users/getUserDetailsForLogin?username=baiskhiyar&password=qwerty123 Payload: [empty] Headers: [accept:application/json, application/*+json]
2025-04-06 22:29:32.315 [http-nio-6902-exec-10] INFO  U.c.RequestResponseLoggingInterceptor - Response: /spring/users/getUserDetailsForLogin Status: 200 Payload: [empty] Headers: [Vary:Origin, Vary:Origin, Vary:Origin, X-Content-Type-Options:nosniff, X-XSS-Protection:0, Cache-Control:no-cache, no-store, max-age=0, must-revalidate, Pragma:no-cache, Expires:0, X-Frame-Options:DENY, Content-Type:application/json, Transfer-Encoding:chunked, Date:Sun, 06 Apr 2025 16:59:32 GMT, Keep-Alive:timeout=60, Connection:keep-alive]
2025-04-06 22:31:26.459 [AsyncResolver-bootstrap-executor-%d] INFO  c.n.d.s.r.aws.ConfigClusterResolver - Resolving eureka endpoints via configuration
2025-04-06 22:36:26.452 [AsyncResolver-bootstrap-executor-%d] INFO  c.n.d.s.r.aws.ConfigClusterResolver - Resolving eureka endpoints via configuration
2025-04-06 22:41:26.449 [AsyncResolver-bootstrap-executor-%d] INFO  c.n.d.s.r.aws.ConfigClusterResolver - Resolving eureka endpoints via configuration
2025-04-06 22:45:05.234 [http-nio-6902-exec-2] WARN  U.c.BearerTokenAuthenticationFilter - Authorization header is missing
2025-04-06 22:45:05.237 [http-nio-6902-exec-2] INFO  U.c.RequestResponseLoggingInterceptor - Request: GET /spring/users/getUserDetailsForLogin?username=baiskhiyar&password=qwerty123 Payload: [empty] Headers: [accept:application/json, application/*+json]
2025-04-06 22:45:05.626 [http-nio-6902-exec-2] INFO  U.c.RequestResponseLoggingInterceptor - Response: /spring/users/getUserDetailsForLogin Status: 200 Payload: [empty] Headers: [Vary:Origin, Vary:Origin, Vary:Origin, X-Content-Type-Options:nosniff, X-XSS-Protection:0, Cache-Control:no-cache, no-store, max-age=0, must-revalidate, Pragma:no-cache, Expires:0, X-Frame-Options:DENY, Content-Type:application/json, Transfer-Encoding:chunked, Date:Sun, 06 Apr 2025 17:15:05 GMT, Keep-Alive:timeout=60, Connection:keep-alive]
2025-04-06 22:45:16.765 [http-nio-6902-exec-3] WARN  U.c.BearerTokenAuthenticationFilter - Authorization header is missing
2025-04-06 22:45:16.769 [http-nio-6902-exec-3] INFO  U.c.RequestResponseLoggingInterceptor - Request: GET /spring/users/getUserDetailsForLogin?username=baiskhiyar&password=qwerty123 Payload: [empty] Headers: [accept:application/json, application/*+json]
2025-04-06 22:45:16.902 [http-nio-6902-exec-3] INFO  U.c.RequestResponseLoggingInterceptor - Response: /spring/users/getUserDetailsForLogin Status: 200 Payload: [empty] Headers: [Vary:Origin, Vary:Origin, Vary:Origin, X-Content-Type-Options:nosniff, X-XSS-Protection:0, Cache-Control:no-cache, no-store, max-age=0, must-revalidate, Pragma:no-cache, Expires:0, X-Frame-Options:DENY, Content-Type:application/json, Transfer-Encoding:chunked, Date:Sun, 06 Apr 2025 17:15:16 GMT, Keep-Alive:timeout=60, Connection:keep-alive]
2025-04-06 22:46:26.449 [AsyncResolver-bootstrap-executor-%d] INFO  c.n.d.s.r.aws.ConfigClusterResolver - Resolving eureka endpoints via configuration
2025-04-06 22:50:12.791 [http-nio-6902-exec-5] WARN  U.c.BearerTokenAuthenticationFilter - Authorization header is missing
2025-04-06 22:50:12.795 [http-nio-6902-exec-5] INFO  U.c.RequestResponseLoggingInterceptor - Request: GET /spring/users/getUserDetailsForLogin?username=baiskhiyar&password=qwerty123 Payload: [empty] Headers: [accept:application/json, application/*+json]
2025-04-06 22:50:12.998 [http-nio-6902-exec-5] INFO  U.c.RequestResponseLoggingInterceptor - Response: /spring/users/getUserDetailsForLogin Status: 200 Payload: [empty] Headers: [Vary:Origin, Vary:Origin, Vary:Origin, X-Content-Type-Options:nosniff, X-XSS-Protection:0, Cache-Control:no-cache, no-store, max-age=0, must-revalidate, Pragma:no-cache, Expires:0, X-Frame-Options:DENY, Content-Type:application/json, Transfer-Encoding:chunked, Date:Sun, 06 Apr 2025 17:20:12 GMT, Keep-Alive:timeout=60, Connection:keep-alive]
2025-04-06 22:51:26.445 [AsyncResolver-bootstrap-executor-%d] INFO  c.n.d.s.r.aws.ConfigClusterResolver - Resolving eureka endpoints via configuration
2025-04-06 22:56:26.438 [AsyncResolver-bootstrap-executor-%d] INFO  c.n.d.s.r.aws.ConfigClusterResolver - Resolving eureka endpoints via configuration
2025-04-06 23:01:26.442 [AsyncResolver-bootstrap-executor-%d] INFO  c.n.d.s.r.aws.ConfigClusterResolver - Resolving eureka endpoints via configuration
2025-04-06 23:06:26.436 [AsyncResolver-bootstrap-executor-%d] INFO  c.n.d.s.r.aws.ConfigClusterResolver - Resolving eureka endpoints via configuration
2025-04-06 23:11:26.436 [AsyncResolver-bootstrap-executor-%d] INFO  c.n.d.s.r.aws.ConfigClusterResolver - Resolving eureka endpoints via configuration
2025-04-06 23:16:26.435 [AsyncResolver-bootstrap-executor-%d] INFO  c.n.d.s.r.aws.ConfigClusterResolver - Resolving eureka endpoints via configuration
2025-04-06 23:21:26.428 [AsyncResolver-bootstrap-executor-%d] INFO  c.n.d.s.r.aws.ConfigClusterResolver - Resolving eureka endpoints via configuration
2025-04-06 23:26:26.419 [AsyncResolver-bootstrap-executor-%d] INFO  c.n.d.s.r.aws.ConfigClusterResolver - Resolving eureka endpoints via configuration
2025-04-06 23:31:26.422 [AsyncResolver-bootstrap-executor-%d] INFO  c.n.d.s.r.aws.ConfigClusterResolver - Resolving eureka endpoints via configuration
2025-04-06 23:36:26.427 [AsyncResolver-bootstrap-executor-%d] INFO  c.n.d.s.r.aws.ConfigClusterResolver - Resolving eureka endpoints via configuration
2025-04-06 23:41:26.429 [AsyncResolver-bootstrap-executor-%d] INFO  c.n.d.s.r.aws.ConfigClusterResolver - Resolving eureka endpoints via configuration
2025-04-06 23:46:26.438 [AsyncResolver-bootstrap-executor-%d] INFO  c.n.d.s.r.aws.ConfigClusterResolver - Resolving eureka endpoints via configuration
2025-04-06 23:51:26.445 [AsyncResolver-bootstrap-executor-%d] INFO  c.n.d.s.r.aws.ConfigClusterResolver - Resolving eureka endpoints via configuration
2025-04-06 23:56:26.449 [AsyncResolver-bootstrap-executor-%d] INFO  c.n.d.s.r.aws.ConfigClusterResolver - Resolving eureka endpoints via configuration
