2025-04-08 00:03:56.979 [AsyncResolver-bootstrap-executor-%d] INFO  c.n.d.s.r.aws.ConfigClusterResolver - Resolving eureka endpoints via configuration
2025-04-08 00:08:57.019 [AsyncResolver-bootstrap-executor-%d] INFO  c.n.d.s.r.aws.ConfigClusterResolver - Resolving eureka endpoints via configuration
2025-04-08 00:13:57.011 [AsyncResolver-bootstrap-executor-%d] INFO  c.n.d.s.r.aws.ConfigClusterResolver - Resolving eureka endpoints via configuration
2025-04-08 00:18:56.999 [AsyncResolver-bootstrap-executor-%d] INFO  c.n.d.s.r.aws.ConfigClusterResolver - Resolving eureka endpoints via configuration
2025-04-08 00:23:57.000 [AsyncResolver-bootstrap-executor-%d] INFO  c.n.d.s.r.aws.ConfigClusterResolver - Resolving eureka endpoints via configuration
2025-04-08 00:28:56.994 [AsyncResolver-bootstrap-executor-%d] INFO  c.n.d.s.r.aws.ConfigClusterResolver - Resolving eureka endpoints via configuration
2025-04-08 00:33:38.358 [http-nio-6902-exec-8] WARN  U.c.BearerTokenAuthenticationFilter - Authorization header is missing
2025-04-08 00:33:38.371 [http-nio-6902-exec-8] INFO  U.c.RequestResponseLoggingInterceptor - Request: GET /spring/authService/healthCheck?null Payload: [empty] Headers: [cookie:JSESSIONID=79734CF9BE8F39A3AD0CB240BA151C1D]
2025-04-08 00:33:38.534 [http-nio-6902-exec-8] INFO  U.c.RequestResponseLoggingInterceptor - Request: GET /error?null Payload: [empty] Headers: [cookie:JSESSIONID=79734CF9BE8F39A3AD0CB240BA151C1D]
2025-04-08 00:33:38.670 [http-nio-6902-exec-8] INFO  U.c.RequestResponseLoggingInterceptor - Response: /error Status: 404 Payload: [empty] Headers: [Vary:Origin, Vary:Origin, Vary:Origin, X-Content-Type-Options:nosniff, X-XSS-Protection:0, Cache-Control:no-cache, no-store, max-age=0, must-revalidate, Pragma:no-cache, Expires:0, X-Frame-Options:DENY, Content-Type:application/json, Transfer-Encoding:chunked, Date:Mon, 07 Apr 2025 19:03:38 GMT, Keep-Alive:timeout=60, Connection:keep-alive]
2025-04-08 00:33:40.899 [http-nio-6902-exec-9] WARN  U.c.BearerTokenAuthenticationFilter - Authorization header is missing
2025-04-08 00:33:40.900 [http-nio-6902-exec-9] INFO  U.c.RequestResponseLoggingInterceptor - Request: GET /spring/authService/healthCheck?null Payload: [empty] Headers: [cookie:JSESSIONID=79734CF9BE8F39A3AD0CB240BA151C1D]
2025-04-08 00:33:40.903 [http-nio-6902-exec-9] INFO  U.c.RequestResponseLoggingInterceptor - Request: GET /error?null Payload: [empty] Headers: [cookie:JSESSIONID=79734CF9BE8F39A3AD0CB240BA151C1D]
2025-04-08 00:33:40.906 [http-nio-6902-exec-9] INFO  U.c.RequestResponseLoggingInterceptor - Response: /error Status: 404 Payload: [empty] Headers: [Vary:Origin, Vary:Origin, Vary:Origin, X-Content-Type-Options:nosniff, X-XSS-Protection:0, Cache-Control:no-cache, no-store, max-age=0, must-revalidate, Pragma:no-cache, Expires:0, X-Frame-Options:DENY, Content-Type:application/json, Transfer-Encoding:chunked, Date:Mon, 07 Apr 2025 19:03:40 GMT, Keep-Alive:timeout=60, Connection:keep-alive]
2025-04-08 00:33:53.020 [http-nio-6902-exec-10] WARN  U.c.BearerTokenAuthenticationFilter - Authorization header is missing
2025-04-08 00:33:53.022 [http-nio-6902-exec-10] INFO  U.c.RequestResponseLoggingInterceptor - Request: GET /spring/authService/generateAuthToken?null Payload: [empty] Headers: [cookie:JSESSIONID=79734CF9BE8F39A3AD0CB240BA151C1D]
2025-04-08 00:33:53.041 [http-nio-6902-exec-10] INFO  U.c.RequestResponseLoggingInterceptor - Request: GET /error?null Payload: [empty] Headers: [cookie:JSESSIONID=79734CF9BE8F39A3AD0CB240BA151C1D]
2025-04-08 00:33:53.046 [http-nio-6902-exec-10] INFO  U.c.RequestResponseLoggingInterceptor - Response: /error Status: 404 Payload: [empty] Headers: [Vary:Origin, Vary:Origin, Vary:Origin, X-Content-Type-Options:nosniff, X-XSS-Protection:0, Cache-Control:no-cache, no-store, max-age=0, must-revalidate, Pragma:no-cache, Expires:0, X-Frame-Options:DENY, Content-Type:application/json, Transfer-Encoding:chunked, Date:Mon, 07 Apr 2025 19:03:53 GMT, Keep-Alive:timeout=60, Connection:keep-alive]
2025-04-08 00:33:56.993 [AsyncResolver-bootstrap-executor-%d] INFO  c.n.d.s.r.aws.ConfigClusterResolver - Resolving eureka endpoints via configuration
2025-04-08 00:33:58.118 [http-nio-6902-exec-1] WARN  U.c.BearerTokenAuthenticationFilter - Authorization header is missing
2025-04-08 00:33:58.120 [http-nio-6902-exec-1] INFO  U.c.RequestResponseLoggingInterceptor - Request: GET /spring/auth/generateAuthToken?null Payload: [empty] Headers: [cookie:JSESSIONID=79734CF9BE8F39A3AD0CB240BA151C1D]
2025-04-08 00:33:58.144 [http-nio-6902-exec-1] INFO  U.c.RequestResponseLoggingInterceptor - Request: GET /error?null Payload: [empty] Headers: [cookie:JSESSIONID=79734CF9BE8F39A3AD0CB240BA151C1D]
2025-04-08 00:33:58.148 [http-nio-6902-exec-1] INFO  U.c.RequestResponseLoggingInterceptor - Response: /error Status: 404 Payload: [empty] Headers: [Vary:Origin, Vary:Origin, Vary:Origin, X-Content-Type-Options:nosniff, X-XSS-Protection:0, Cache-Control:no-cache, no-store, max-age=0, must-revalidate, Pragma:no-cache, Expires:0, X-Frame-Options:DENY, Content-Type:application/json, Transfer-Encoding:chunked, Date:Mon, 07 Apr 2025 19:03:58 GMT, Keep-Alive:timeout=60, Connection:keep-alive]
2025-04-08 00:34:02.623 [http-nio-6902-exec-2] WARN  U.c.BearerTokenAuthenticationFilter - Authorization header is missing
2025-04-08 00:34:02.623 [http-nio-6902-exec-2] INFO  U.c.RequestResponseLoggingInterceptor - Request: POST /spring/auth/generateAuthToken?null Payload: [empty] Headers: [cookie:JSESSIONID=79734CF9BE8F39A3AD0CB240BA151C1D]
2025-04-08 00:34:02.628 [http-nio-6902-exec-2] INFO  U.c.RequestResponseLoggingInterceptor - Request: POST /error?null Payload: [empty] Headers: [cookie:JSESSIONID=79734CF9BE8F39A3AD0CB240BA151C1D]
2025-04-08 00:34:02.630 [http-nio-6902-exec-2] INFO  U.c.RequestResponseLoggingInterceptor - Response: /error Status: 404 Payload: [empty] Headers: [Vary:Origin, Vary:Origin, Vary:Origin, X-Content-Type-Options:nosniff, X-XSS-Protection:0, Cache-Control:no-cache, no-store, max-age=0, must-revalidate, Pragma:no-cache, Expires:0, X-Frame-Options:DENY, Content-Type:application/json, Transfer-Encoding:chunked, Date:Mon, 07 Apr 2025 19:04:02 GMT, Keep-Alive:timeout=60, Connection:keep-alive]
2025-04-08 00:34:14.052 [http-nio-6902-exec-3] WARN  U.c.BearerTokenAuthenticationFilter - Authorization header is missing
2025-04-08 00:34:14.055 [http-nio-6902-exec-3] INFO  U.c.RequestResponseLoggingInterceptor - Request: POST /spring/auth/generateAuthToken?null Payload: [empty] Headers: [cookie:JSESSIONID=79734CF9BE8F39A3AD0CB240BA151C1D]
2025-04-08 00:34:14.072 [http-nio-6902-exec-3] INFO  U.c.RequestResponseLoggingInterceptor - Request: POST /error?null Payload: [empty] Headers: [cookie:JSESSIONID=79734CF9BE8F39A3AD0CB240BA151C1D]
2025-04-08 00:34:14.076 [http-nio-6902-exec-3] INFO  U.c.RequestResponseLoggingInterceptor - Response: /error Status: 404 Payload: [empty] Headers: [Vary:Origin, Vary:Origin, Vary:Origin, X-Content-Type-Options:nosniff, X-XSS-Protection:0, Cache-Control:no-cache, no-store, max-age=0, must-revalidate, Pragma:no-cache, Expires:0, X-Frame-Options:DENY, Content-Type:application/json, Transfer-Encoding:chunked, Date:Mon, 07 Apr 2025 19:04:14 GMT, Keep-Alive:timeout=60, Connection:keep-alive]
2025-04-08 00:35:04.077 [http-nio-6902-exec-4] WARN  U.c.BearerTokenAuthenticationFilter - Authorization header is missing
2025-04-08 00:35:04.078 [http-nio-6902-exec-4] INFO  U.c.RequestResponseLoggingInterceptor - Request: GET /spring/users/getUserDetailsForLogin?username=baiskhiyar&password=qwerty@123 Payload: [empty] Headers: [accept:application/json, application/*+json]
2025-04-08 00:35:04.321 [http-nio-6902-exec-4] ERROR U.controllers.UserController - Invalid password!
2025-04-08 00:35:04.322 [http-nio-6902-exec-4] INFO  U.c.RequestResponseLoggingInterceptor - Response: /spring/users/getUserDetailsForLogin Status: 500 Payload: [empty] Headers: [Vary:Origin, Vary:Origin, Vary:Origin, X-Content-Type-Options:nosniff, X-XSS-Protection:0, Cache-Control:no-cache, no-store, max-age=0, must-revalidate, Pragma:no-cache, Expires:0, X-Frame-Options:DENY, Content-Type:application/json, Content-Length:17, Date:Mon, 07 Apr 2025 19:05:04 GMT, Connection:close]
2025-04-08 00:35:22.488 [http-nio-6902-exec-6] WARN  U.c.BearerTokenAuthenticationFilter - Authorization header is missing
2025-04-08 00:35:22.489 [http-nio-6902-exec-6] INFO  U.c.RequestResponseLoggingInterceptor - Request: GET /spring/users/getUserDetailsForLogin?username=baiskhiyar&password=qwerty123 Payload: [empty] Headers: [accept:application/json, application/*+json]
2025-04-08 00:35:22.647 [http-nio-6902-exec-6] INFO  U.c.RequestResponseLoggingInterceptor - Response: /spring/users/getUserDetailsForLogin Status: 200 Payload: [empty] Headers: [Vary:Origin, Vary:Origin, Vary:Origin, X-Content-Type-Options:nosniff, X-XSS-Protection:0, Cache-Control:no-cache, no-store, max-age=0, must-revalidate, Pragma:no-cache, Expires:0, X-Frame-Options:DENY, Content-Type:application/json, Transfer-Encoding:chunked, Date:Mon, 07 Apr 2025 19:05:22 GMT, Keep-Alive:timeout=60, Connection:keep-alive]
2025-04-08 00:38:56.997 [AsyncResolver-bootstrap-executor-%d] INFO  c.n.d.s.r.aws.ConfigClusterResolver - Resolving eureka endpoints via configuration
2025-04-08 00:43:56.990 [AsyncResolver-bootstrap-executor-%d] INFO  c.n.d.s.r.aws.ConfigClusterResolver - Resolving eureka endpoints via configuration
2025-04-08 00:48:56.987 [AsyncResolver-bootstrap-executor-%d] INFO  c.n.d.s.r.aws.ConfigClusterResolver - Resolving eureka endpoints via configuration
2025-04-08 00:53:57.000 [AsyncResolver-bootstrap-executor-%d] INFO  c.n.d.s.r.aws.ConfigClusterResolver - Resolving eureka endpoints via configuration
2025-04-08 00:58:56.998 [AsyncResolver-bootstrap-executor-%d] INFO  c.n.d.s.r.aws.ConfigClusterResolver - Resolving eureka endpoints via configuration
2025-04-08 01:03:56.995 [AsyncResolver-bootstrap-executor-%d] INFO  c.n.d.s.r.aws.ConfigClusterResolver - Resolving eureka endpoints via configuration
2025-04-08 01:05:57.799 [http-nio-6902-exec-8] WARN  U.c.BearerTokenAuthenticationFilter - Authorization header is missing
2025-04-08 01:05:57.807 [http-nio-6902-exec-8] INFO  U.c.RequestResponseLoggingInterceptor - Request: GET /spring/users/getUserDetailsForLogin?username=baiskhiyar&password=qwerty123 Payload: [empty] Headers: [accept:application/json, application/*+json]
2025-04-08 01:05:58.082 [http-nio-6902-exec-8] INFO  U.c.RequestResponseLoggingInterceptor - Response: /spring/users/getUserDetailsForLogin Status: 200 Payload: [empty] Headers: [Vary:Origin, Vary:Origin, Vary:Origin, X-Content-Type-Options:nosniff, X-XSS-Protection:0, Cache-Control:no-cache, no-store, max-age=0, must-revalidate, Pragma:no-cache, Expires:0, X-Frame-Options:DENY, Content-Type:application/json, Transfer-Encoding:chunked, Date:Mon, 07 Apr 2025 19:35:58 GMT, Keep-Alive:timeout=60, Connection:keep-alive]
2025-04-08 01:08:56.988 [AsyncResolver-bootstrap-executor-%d] INFO  c.n.d.s.r.aws.ConfigClusterResolver - Resolving eureka endpoints via configuration
2025-04-08 01:20:57.278 [hungerbox housekeeper] WARN  com.zaxxer.hikari.pool.HikariPool - hungerbox - Thread starvation or clock leap detected (housekeeper delta=9m47s492ms).
2025-04-08 01:40:20.107 [hungerbox housekeeper] WARN  com.zaxxer.hikari.pool.HikariPool - hungerbox - Thread starvation or clock leap detected (housekeeper delta=19m22s832ms).
2025-04-08 01:42:07.296 [AsyncResolver-bootstrap-executor-%d] INFO  c.n.d.s.r.aws.ConfigClusterResolver - Resolving eureka endpoints via configuration
2025-04-08 01:47:07.292 [AsyncResolver-bootstrap-executor-%d] INFO  c.n.d.s.r.aws.ConfigClusterResolver - Resolving eureka endpoints via configuration
2025-04-08 01:52:07.284 [AsyncResolver-bootstrap-executor-%d] INFO  c.n.d.s.r.aws.ConfigClusterResolver - Resolving eureka endpoints via configuration
2025-04-08 01:57:07.283 [AsyncResolver-bootstrap-executor-%d] INFO  c.n.d.s.r.aws.ConfigClusterResolver - Resolving eureka endpoints via configuration
2025-04-08 02:02:07.284 [AsyncResolver-bootstrap-executor-%d] INFO  c.n.d.s.r.aws.ConfigClusterResolver - Resolving eureka endpoints via configuration
2025-04-08 02:07:07.274 [AsyncResolver-bootstrap-executor-%d] INFO  c.n.d.s.r.aws.ConfigClusterResolver - Resolving eureka endpoints via configuration
2025-04-08 02:12:07.264 [AsyncResolver-bootstrap-executor-%d] INFO  c.n.d.s.r.aws.ConfigClusterResolver - Resolving eureka endpoints via configuration
2025-04-08 02:17:07.256 [AsyncResolver-bootstrap-executor-%d] INFO  c.n.d.s.r.aws.ConfigClusterResolver - Resolving eureka endpoints via configuration
2025-04-08 02:22:07.245 [AsyncResolver-bootstrap-executor-%d] INFO  c.n.d.s.r.aws.ConfigClusterResolver - Resolving eureka endpoints via configuration
2025-04-08 02:27:07.252 [AsyncResolver-bootstrap-executor-%d] INFO  c.n.d.s.r.aws.ConfigClusterResolver - Resolving eureka endpoints via configuration
2025-04-08 02:32:07.248 [AsyncResolver-bootstrap-executor-%d] INFO  c.n.d.s.r.aws.ConfigClusterResolver - Resolving eureka endpoints via configuration
2025-04-08 02:37:07.238 [AsyncResolver-bootstrap-executor-%d] INFO  c.n.d.s.r.aws.ConfigClusterResolver - Resolving eureka endpoints via configuration
2025-04-08 02:42:07.234 [AsyncResolver-bootstrap-executor-%d] INFO  c.n.d.s.r.aws.ConfigClusterResolver - Resolving eureka endpoints via configuration
2025-04-08 02:47:07.226 [AsyncResolver-bootstrap-executor-%d] INFO  c.n.d.s.r.aws.ConfigClusterResolver - Resolving eureka endpoints via configuration
2025-04-08 02:52:07.215 [AsyncResolver-bootstrap-executor-%d] INFO  c.n.d.s.r.aws.ConfigClusterResolver - Resolving eureka endpoints via configuration
2025-04-08 02:57:07.207 [AsyncResolver-bootstrap-executor-%d] INFO  c.n.d.s.r.aws.ConfigClusterResolver - Resolving eureka endpoints via configuration
2025-04-08 03:02:07.213 [AsyncResolver-bootstrap-executor-%d] INFO  c.n.d.s.r.aws.ConfigClusterResolver - Resolving eureka endpoints via configuration
2025-04-08 03:07:07.212 [AsyncResolver-bootstrap-executor-%d] INFO  c.n.d.s.r.aws.ConfigClusterResolver - Resolving eureka endpoints via configuration
2025-04-08 03:12:07.205 [AsyncResolver-bootstrap-executor-%d] INFO  c.n.d.s.r.aws.ConfigClusterResolver - Resolving eureka endpoints via configuration
2025-04-08 03:17:07.198 [AsyncResolver-bootstrap-executor-%d] INFO  c.n.d.s.r.aws.ConfigClusterResolver - Resolving eureka endpoints via configuration
2025-04-08 03:48:17.427 [hungerbox housekeeper] WARN  com.zaxxer.hikari.pool.HikariPool - hungerbox - Thread starvation or clock leap detected (housekeeper delta=28m26s859ms).
2025-04-08 05:06:56.568 [hungerbox housekeeper] WARN  com.zaxxer.hikari.pool.HikariPool - hungerbox - Thread starvation or clock leap detected (housekeeper delta=1h18m39s145ms).
2025-04-08 06:26:51.459 [hungerbox housekeeper] WARN  com.zaxxer.hikari.pool.HikariPool - hungerbox - Thread starvation or clock leap detected (housekeeper delta=1h19m54s891ms).
2025-04-08 07:50:35.073 [hungerbox housekeeper] WARN  com.zaxxer.hikari.pool.HikariPool - hungerbox - Thread starvation or clock leap detected (housekeeper delta=1h23m43s614ms).
2025-04-08 08:23:04.210 [AsyncResolver-bootstrap-executor-%d] INFO  c.n.d.s.r.aws.ConfigClusterResolver - Resolving eureka endpoints via configuration
2025-04-08 09:13:08.157 [hungerbox housekeeper] WARN  com.zaxxer.hikari.pool.HikariPool - hungerbox - Thread starvation or clock leap detected (housekeeper delta=1h22m33s84ms).
2025-04-08 10:35:56.453 [hungerbox housekeeper] WARN  com.zaxxer.hikari.pool.HikariPool - hungerbox - Thread starvation or clock leap detected (housekeeper delta=1h22m48s296ms).
2025-04-08 10:54:48.024 [hungerbox housekeeper] WARN  com.zaxxer.hikari.pool.HikariPool - hungerbox - Thread starvation or clock leap detected (housekeeper delta=18m51s572ms).
2025-04-08 11:07:28.860 [hungerbox housekeeper] WARN  com.zaxxer.hikari.pool.HikariPool - hungerbox - Thread starvation or clock leap detected (housekeeper delta=12m40s835ms).
2025-04-08 11:09:06.305 [hungerbox housekeeper] WARN  com.zaxxer.hikari.pool.HikariPool - hungerbox - Thread starvation or clock leap detected (housekeeper delta=1m37s445ms).
2025-04-08 11:11:52.860 [AsyncResolver-bootstrap-executor-%d] INFO  c.n.d.s.r.aws.ConfigClusterResolver - Resolving eureka endpoints via configuration
2025-04-08 11:32:35.774 [hungerbox housekeeper] WARN  com.zaxxer.hikari.pool.HikariPool - hungerbox - Thread starvation or clock leap detected (housekeeper delta=17m59s442ms).
2025-04-08 11:34:10.842 [AsyncResolver-bootstrap-executor-%d] INFO  c.n.d.s.r.aws.ConfigClusterResolver - Resolving eureka endpoints via configuration
2025-04-08 11:39:10.832 [AsyncResolver-bootstrap-executor-%d] INFO  c.n.d.s.r.aws.ConfigClusterResolver - Resolving eureka endpoints via configuration
2025-04-08 11:44:10.829 [AsyncResolver-bootstrap-executor-%d] INFO  c.n.d.s.r.aws.ConfigClusterResolver - Resolving eureka endpoints via configuration
2025-04-08 11:49:10.870 [AsyncResolver-bootstrap-executor-%d] INFO  c.n.d.s.r.aws.ConfigClusterResolver - Resolving eureka endpoints via configuration
2025-04-08 11:54:10.877 [AsyncResolver-bootstrap-executor-%d] INFO  c.n.d.s.r.aws.ConfigClusterResolver - Resolving eureka endpoints via configuration
2025-04-08 11:59:10.881 [AsyncResolver-bootstrap-executor-%d] INFO  c.n.d.s.r.aws.ConfigClusterResolver - Resolving eureka endpoints via configuration
2025-04-08 12:04:10.882 [AsyncResolver-bootstrap-executor-%d] INFO  c.n.d.s.r.aws.ConfigClusterResolver - Resolving eureka endpoints via configuration
2025-04-08 12:09:10.883 [AsyncResolver-bootstrap-executor-%d] INFO  c.n.d.s.r.aws.ConfigClusterResolver - Resolving eureka endpoints via configuration
2025-04-08 12:14:10.881 [AsyncResolver-bootstrap-executor-%d] INFO  c.n.d.s.r.aws.ConfigClusterResolver - Resolving eureka endpoints via configuration
2025-04-08 12:19:10.879 [AsyncResolver-bootstrap-executor-%d] INFO  c.n.d.s.r.aws.ConfigClusterResolver - Resolving eureka endpoints via configuration
2025-04-08 12:24:10.841 [AsyncResolver-bootstrap-executor-%d] INFO  c.n.d.s.r.aws.ConfigClusterResolver - Resolving eureka endpoints via configuration
2025-04-08 12:29:10.834 [AsyncResolver-bootstrap-executor-%d] INFO  c.n.d.s.r.aws.ConfigClusterResolver - Resolving eureka endpoints via configuration
2025-04-08 12:34:10.828 [AsyncResolver-bootstrap-executor-%d] INFO  c.n.d.s.r.aws.ConfigClusterResolver - Resolving eureka endpoints via configuration
2025-04-08 12:39:10.787 [AsyncResolver-bootstrap-executor-%d] INFO  c.n.d.s.r.aws.ConfigClusterResolver - Resolving eureka endpoints via configuration
2025-04-08 12:44:10.776 [AsyncResolver-bootstrap-executor-%d] INFO  c.n.d.s.r.aws.ConfigClusterResolver - Resolving eureka endpoints via configuration
2025-04-08 12:49:10.767 [AsyncResolver-bootstrap-executor-%d] INFO  c.n.d.s.r.aws.ConfigClusterResolver - Resolving eureka endpoints via configuration
2025-04-08 12:54:10.745 [AsyncResolver-bootstrap-executor-%d] INFO  c.n.d.s.r.aws.ConfigClusterResolver - Resolving eureka endpoints via configuration
2025-04-08 12:59:10.733 [AsyncResolver-bootstrap-executor-%d] INFO  c.n.d.s.r.aws.ConfigClusterResolver - Resolving eureka endpoints via configuration
2025-04-08 13:04:10.726 [AsyncResolver-bootstrap-executor-%d] INFO  c.n.d.s.r.aws.ConfigClusterResolver - Resolving eureka endpoints via configuration
2025-04-08 13:09:10.721 [AsyncResolver-bootstrap-executor-%d] INFO  c.n.d.s.r.aws.ConfigClusterResolver - Resolving eureka endpoints via configuration
2025-04-08 13:14:10.711 [AsyncResolver-bootstrap-executor-%d] INFO  c.n.d.s.r.aws.ConfigClusterResolver - Resolving eureka endpoints via configuration
2025-04-08 13:19:10.703 [AsyncResolver-bootstrap-executor-%d] INFO  c.n.d.s.r.aws.ConfigClusterResolver - Resolving eureka endpoints via configuration
2025-04-08 13:24:10.696 [AsyncResolver-bootstrap-executor-%d] INFO  c.n.d.s.r.aws.ConfigClusterResolver - Resolving eureka endpoints via configuration
2025-04-08 13:29:10.690 [AsyncResolver-bootstrap-executor-%d] INFO  c.n.d.s.r.aws.ConfigClusterResolver - Resolving eureka endpoints via configuration
2025-04-08 13:34:10.683 [AsyncResolver-bootstrap-executor-%d] INFO  c.n.d.s.r.aws.ConfigClusterResolver - Resolving eureka endpoints via configuration
2025-04-08 13:39:10.698 [AsyncResolver-bootstrap-executor-%d] INFO  c.n.d.s.r.aws.ConfigClusterResolver - Resolving eureka endpoints via configuration
2025-04-08 13:44:10.696 [AsyncResolver-bootstrap-executor-%d] INFO  c.n.d.s.r.aws.ConfigClusterResolver - Resolving eureka endpoints via configuration
2025-04-08 13:49:10.694 [AsyncResolver-bootstrap-executor-%d] INFO  c.n.d.s.r.aws.ConfigClusterResolver - Resolving eureka endpoints via configuration
2025-04-08 13:54:10.699 [AsyncResolver-bootstrap-executor-%d] INFO  c.n.d.s.r.aws.ConfigClusterResolver - Resolving eureka endpoints via configuration
2025-04-08 13:59:10.696 [AsyncResolver-bootstrap-executor-%d] INFO  c.n.d.s.r.aws.ConfigClusterResolver - Resolving eureka endpoints via configuration
2025-04-08 14:04:10.689 [AsyncResolver-bootstrap-executor-%d] INFO  c.n.d.s.r.aws.ConfigClusterResolver - Resolving eureka endpoints via configuration
2025-04-08 14:09:10.692 [AsyncResolver-bootstrap-executor-%d] INFO  c.n.d.s.r.aws.ConfigClusterResolver - Resolving eureka endpoints via configuration
2025-04-08 14:14:10.690 [AsyncResolver-bootstrap-executor-%d] INFO  c.n.d.s.r.aws.ConfigClusterResolver - Resolving eureka endpoints via configuration
2025-04-08 14:19:10.687 [AsyncResolver-bootstrap-executor-%d] INFO  c.n.d.s.r.aws.ConfigClusterResolver - Resolving eureka endpoints via configuration
2025-04-08 14:24:10.675 [AsyncResolver-bootstrap-executor-%d] INFO  c.n.d.s.r.aws.ConfigClusterResolver - Resolving eureka endpoints via configuration
2025-04-08 14:29:10.674 [AsyncResolver-bootstrap-executor-%d] INFO  c.n.d.s.r.aws.ConfigClusterResolver - Resolving eureka endpoints via configuration
2025-04-08 14:34:10.666 [AsyncResolver-bootstrap-executor-%d] INFO  c.n.d.s.r.aws.ConfigClusterResolver - Resolving eureka endpoints via configuration
2025-04-08 14:39:10.635 [AsyncResolver-bootstrap-executor-%d] INFO  c.n.d.s.r.aws.ConfigClusterResolver - Resolving eureka endpoints via configuration
2025-04-08 14:44:10.628 [AsyncResolver-bootstrap-executor-%d] INFO  c.n.d.s.r.aws.ConfigClusterResolver - Resolving eureka endpoints via configuration
2025-04-08 14:49:10.621 [AsyncResolver-bootstrap-executor-%d] INFO  c.n.d.s.r.aws.ConfigClusterResolver - Resolving eureka endpoints via configuration
2025-04-08 14:54:10.625 [AsyncResolver-bootstrap-executor-%d] INFO  c.n.d.s.r.aws.ConfigClusterResolver - Resolving eureka endpoints via configuration
2025-04-08 14:59:10.617 [AsyncResolver-bootstrap-executor-%d] INFO  c.n.d.s.r.aws.ConfigClusterResolver - Resolving eureka endpoints via configuration
2025-04-08 15:04:10.609 [AsyncResolver-bootstrap-executor-%d] INFO  c.n.d.s.r.aws.ConfigClusterResolver - Resolving eureka endpoints via configuration
2025-04-08 15:09:10.615 [AsyncResolver-bootstrap-executor-%d] INFO  c.n.d.s.r.aws.ConfigClusterResolver - Resolving eureka endpoints via configuration
2025-04-08 15:14:10.613 [AsyncResolver-bootstrap-executor-%d] INFO  c.n.d.s.r.aws.ConfigClusterResolver - Resolving eureka endpoints via configuration
2025-04-08 15:19:10.607 [AsyncResolver-bootstrap-executor-%d] INFO  c.n.d.s.r.aws.ConfigClusterResolver - Resolving eureka endpoints via configuration
2025-04-08 15:24:10.582 [AsyncResolver-bootstrap-executor-%d] INFO  c.n.d.s.r.aws.ConfigClusterResolver - Resolving eureka endpoints via configuration
2025-04-08 15:29:10.577 [AsyncResolver-bootstrap-executor-%d] INFO  c.n.d.s.r.aws.ConfigClusterResolver - Resolving eureka endpoints via configuration
2025-04-08 15:34:10.572 [AsyncResolver-bootstrap-executor-%d] INFO  c.n.d.s.r.aws.ConfigClusterResolver - Resolving eureka endpoints via configuration
2025-04-08 15:39:10.567 [AsyncResolver-bootstrap-executor-%d] INFO  c.n.d.s.r.aws.ConfigClusterResolver - Resolving eureka endpoints via configuration
2025-04-08 15:44:10.562 [AsyncResolver-bootstrap-executor-%d] INFO  c.n.d.s.r.aws.ConfigClusterResolver - Resolving eureka endpoints via configuration
2025-04-08 15:49:10.553 [AsyncResolver-bootstrap-executor-%d] INFO  c.n.d.s.r.aws.ConfigClusterResolver - Resolving eureka endpoints via configuration
2025-04-08 15:54:10.572 [AsyncResolver-bootstrap-executor-%d] INFO  c.n.d.s.r.aws.ConfigClusterResolver - Resolving eureka endpoints via configuration
2025-04-08 15:59:10.565 [AsyncResolver-bootstrap-executor-%d] INFO  c.n.d.s.r.aws.ConfigClusterResolver - Resolving eureka endpoints via configuration
2025-04-08 16:04:10.560 [AsyncResolver-bootstrap-executor-%d] INFO  c.n.d.s.r.aws.ConfigClusterResolver - Resolving eureka endpoints via configuration
2025-04-08 16:09:10.564 [AsyncResolver-bootstrap-executor-%d] INFO  c.n.d.s.r.aws.ConfigClusterResolver - Resolving eureka endpoints via configuration
2025-04-08 16:14:10.559 [AsyncResolver-bootstrap-executor-%d] INFO  c.n.d.s.r.aws.ConfigClusterResolver - Resolving eureka endpoints via configuration
2025-04-08 16:19:10.555 [AsyncResolver-bootstrap-executor-%d] INFO  c.n.d.s.r.aws.ConfigClusterResolver - Resolving eureka endpoints via configuration
2025-04-08 16:24:10.548 [AsyncResolver-bootstrap-executor-%d] INFO  c.n.d.s.r.aws.ConfigClusterResolver - Resolving eureka endpoints via configuration
2025-04-08 16:29:10.543 [AsyncResolver-bootstrap-executor-%d] INFO  c.n.d.s.r.aws.ConfigClusterResolver - Resolving eureka endpoints via configuration
2025-04-08 16:34:10.540 [AsyncResolver-bootstrap-executor-%d] INFO  c.n.d.s.r.aws.ConfigClusterResolver - Resolving eureka endpoints via configuration
2025-04-08 16:39:10.482 [AsyncResolver-bootstrap-executor-%d] INFO  c.n.d.s.r.aws.ConfigClusterResolver - Resolving eureka endpoints via configuration
2025-04-08 16:44:10.472 [AsyncResolver-bootstrap-executor-%d] INFO  c.n.d.s.r.aws.ConfigClusterResolver - Resolving eureka endpoints via configuration
2025-04-08 16:49:10.472 [AsyncResolver-bootstrap-executor-%d] INFO  c.n.d.s.r.aws.ConfigClusterResolver - Resolving eureka endpoints via configuration
2025-04-08 16:54:10.459 [AsyncResolver-bootstrap-executor-%d] INFO  c.n.d.s.r.aws.ConfigClusterResolver - Resolving eureka endpoints via configuration
2025-04-08 16:59:10.458 [AsyncResolver-bootstrap-executor-%d] INFO  c.n.d.s.r.aws.ConfigClusterResolver - Resolving eureka endpoints via configuration
2025-04-08 17:04:10.444 [AsyncResolver-bootstrap-executor-%d] INFO  c.n.d.s.r.aws.ConfigClusterResolver - Resolving eureka endpoints via configuration
2025-04-08 17:09:10.425 [AsyncResolver-bootstrap-executor-%d] INFO  c.n.d.s.r.aws.ConfigClusterResolver - Resolving eureka endpoints via configuration
2025-04-08 17:14:10.422 [AsyncResolver-bootstrap-executor-%d] INFO  c.n.d.s.r.aws.ConfigClusterResolver - Resolving eureka endpoints via configuration
2025-04-08 17:19:10.412 [AsyncResolver-bootstrap-executor-%d] INFO  c.n.d.s.r.aws.ConfigClusterResolver - Resolving eureka endpoints via configuration
2025-04-08 17:24:10.426 [AsyncResolver-bootstrap-executor-%d] INFO  c.n.d.s.r.aws.ConfigClusterResolver - Resolving eureka endpoints via configuration
2025-04-08 17:29:10.419 [AsyncResolver-bootstrap-executor-%d] INFO  c.n.d.s.r.aws.ConfigClusterResolver - Resolving eureka endpoints via configuration
2025-04-08 17:34:10.410 [AsyncResolver-bootstrap-executor-%d] INFO  c.n.d.s.r.aws.ConfigClusterResolver - Resolving eureka endpoints via configuration
2025-04-08 17:39:10.380 [AsyncResolver-bootstrap-executor-%d] INFO  c.n.d.s.r.aws.ConfigClusterResolver - Resolving eureka endpoints via configuration
2025-04-08 17:44:10.360 [AsyncResolver-bootstrap-executor-%d] INFO  c.n.d.s.r.aws.ConfigClusterResolver - Resolving eureka endpoints via configuration
2025-04-08 17:49:10.351 [AsyncResolver-bootstrap-executor-%d] INFO  c.n.d.s.r.aws.ConfigClusterResolver - Resolving eureka endpoints via configuration
2025-04-08 17:54:10.360 [AsyncResolver-bootstrap-executor-%d] INFO  c.n.d.s.r.aws.ConfigClusterResolver - Resolving eureka endpoints via configuration
2025-04-08 17:59:10.363 [AsyncResolver-bootstrap-executor-%d] INFO  c.n.d.s.r.aws.ConfigClusterResolver - Resolving eureka endpoints via configuration
2025-04-08 18:04:10.353 [AsyncResolver-bootstrap-executor-%d] INFO  c.n.d.s.r.aws.ConfigClusterResolver - Resolving eureka endpoints via configuration
2025-04-08 18:09:10.343 [AsyncResolver-bootstrap-executor-%d] INFO  c.n.d.s.r.aws.ConfigClusterResolver - Resolving eureka endpoints via configuration
2025-04-08 18:14:10.340 [AsyncResolver-bootstrap-executor-%d] INFO  c.n.d.s.r.aws.ConfigClusterResolver - Resolving eureka endpoints via configuration
2025-04-08 18:19:10.333 [AsyncResolver-bootstrap-executor-%d] INFO  c.n.d.s.r.aws.ConfigClusterResolver - Resolving eureka endpoints via configuration
2025-04-08 18:24:10.325 [AsyncResolver-bootstrap-executor-%d] INFO  c.n.d.s.r.aws.ConfigClusterResolver - Resolving eureka endpoints via configuration
2025-04-08 18:29:10.304 [AsyncResolver-bootstrap-executor-%d] INFO  c.n.d.s.r.aws.ConfigClusterResolver - Resolving eureka endpoints via configuration
2025-04-08 18:34:10.304 [AsyncResolver-bootstrap-executor-%d] INFO  c.n.d.s.r.aws.ConfigClusterResolver - Resolving eureka endpoints via configuration
2025-04-08 18:39:10.298 [AsyncResolver-bootstrap-executor-%d] INFO  c.n.d.s.r.aws.ConfigClusterResolver - Resolving eureka endpoints via configuration
2025-04-08 18:44:10.297 [AsyncResolver-bootstrap-executor-%d] INFO  c.n.d.s.r.aws.ConfigClusterResolver - Resolving eureka endpoints via configuration
2025-04-08 18:49:10.293 [AsyncResolver-bootstrap-executor-%d] INFO  c.n.d.s.r.aws.ConfigClusterResolver - Resolving eureka endpoints via configuration
2025-04-08 18:54:10.284 [AsyncResolver-bootstrap-executor-%d] INFO  c.n.d.s.r.aws.ConfigClusterResolver - Resolving eureka endpoints via configuration
2025-04-08 18:59:10.299 [AsyncResolver-bootstrap-executor-%d] INFO  c.n.d.s.r.aws.ConfigClusterResolver - Resolving eureka endpoints via configuration
2025-04-08 19:04:10.291 [AsyncResolver-bootstrap-executor-%d] INFO  c.n.d.s.r.aws.ConfigClusterResolver - Resolving eureka endpoints via configuration
2025-04-08 19:09:10.283 [AsyncResolver-bootstrap-executor-%d] INFO  c.n.d.s.r.aws.ConfigClusterResolver - Resolving eureka endpoints via configuration
2025-04-08 19:14:10.260 [AsyncResolver-bootstrap-executor-%d] INFO  c.n.d.s.r.aws.ConfigClusterResolver - Resolving eureka endpoints via configuration
2025-04-08 19:19:10.254 [AsyncResolver-bootstrap-executor-%d] INFO  c.n.d.s.r.aws.ConfigClusterResolver - Resolving eureka endpoints via configuration
2025-04-08 19:24:10.248 [AsyncResolver-bootstrap-executor-%d] INFO  c.n.d.s.r.aws.ConfigClusterResolver - Resolving eureka endpoints via configuration
2025-04-08 19:29:10.261 [AsyncResolver-bootstrap-executor-%d] INFO  c.n.d.s.r.aws.ConfigClusterResolver - Resolving eureka endpoints via configuration
2025-04-08 19:34:17.963 [hungerbox housekeeper] WARN  com.zaxxer.hikari.pool.HikariPool - hungerbox - Thread starvation or clock leap detected (housekeeper delta=2m39s723ms).
2025-04-08 20:08:42.503 [hungerbox housekeeper] WARN  com.zaxxer.hikari.pool.HikariPool - hungerbox - Thread starvation or clock leap detected (housekeeper delta=34m24s543ms).
2025-04-08 21:31:58.013 [hungerbox housekeeper] WARN  com.zaxxer.hikari.pool.HikariPool - hungerbox - Thread starvation or clock leap detected (housekeeper delta=1h23m15s511ms).
2025-04-08 21:55:22.574 [hungerbox housekeeper] WARN  com.zaxxer.hikari.pool.HikariPool - hungerbox - Thread starvation or clock leap detected (housekeeper delta=23m24s561ms).
2025-04-08 21:55:54.328 [AsyncResolver-bootstrap-executor-%d] INFO  c.n.d.s.r.aws.ConfigClusterResolver - Resolving eureka endpoints via configuration
2025-04-08 22:00:54.316 [AsyncResolver-bootstrap-executor-%d] INFO  c.n.d.s.r.aws.ConfigClusterResolver - Resolving eureka endpoints via configuration
2025-04-08 22:05:54.309 [AsyncResolver-bootstrap-executor-%d] INFO  c.n.d.s.r.aws.ConfigClusterResolver - Resolving eureka endpoints via configuration
2025-04-08 22:10:54.307 [AsyncResolver-bootstrap-executor-%d] INFO  c.n.d.s.r.aws.ConfigClusterResolver - Resolving eureka endpoints via configuration
2025-04-08 22:15:54.298 [AsyncResolver-bootstrap-executor-%d] INFO  c.n.d.s.r.aws.ConfigClusterResolver - Resolving eureka endpoints via configuration
2025-04-08 22:20:54.287 [AsyncResolver-bootstrap-executor-%d] INFO  c.n.d.s.r.aws.ConfigClusterResolver - Resolving eureka endpoints via configuration
2025-04-08 22:25:54.286 [AsyncResolver-bootstrap-executor-%d] INFO  c.n.d.s.r.aws.ConfigClusterResolver - Resolving eureka endpoints via configuration
2025-04-08 22:30:54.285 [AsyncResolver-bootstrap-executor-%d] INFO  c.n.d.s.r.aws.ConfigClusterResolver - Resolving eureka endpoints via configuration
2025-04-08 22:35:54.277 [AsyncResolver-bootstrap-executor-%d] INFO  c.n.d.s.r.aws.ConfigClusterResolver - Resolving eureka endpoints via configuration
2025-04-08 22:40:54.274 [AsyncResolver-bootstrap-executor-%d] INFO  c.n.d.s.r.aws.ConfigClusterResolver - Resolving eureka endpoints via configuration
2025-04-08 22:45:54.266 [AsyncResolver-bootstrap-executor-%d] INFO  c.n.d.s.r.aws.ConfigClusterResolver - Resolving eureka endpoints via configuration
2025-04-08 22:50:54.263 [AsyncResolver-bootstrap-executor-%d] INFO  c.n.d.s.r.aws.ConfigClusterResolver - Resolving eureka endpoints via configuration
2025-04-08 22:51:39.840 [http-nio-6902-exec-10] WARN  U.c.BearerTokenAuthenticationFilter - Authorization header is missing
2025-04-08 22:51:39.847 [http-nio-6902-exec-10] INFO  U.c.RequestResponseLoggingInterceptor - Request: GET /spring/users/getUserDetailsForLogin?username=baiskhiyar&password=qwerty123 Payload: [empty] Headers: [accept:application/json, application/*+json]
2025-04-08 22:51:40.290 [http-nio-6902-exec-10] INFO  U.c.RequestResponseLoggingInterceptor - Response: /spring/users/getUserDetailsForLogin Status: 200 Payload: [empty] Headers: [Vary:Origin, Vary:Origin, Vary:Origin, X-Content-Type-Options:nosniff, X-XSS-Protection:0, Cache-Control:no-cache, no-store, max-age=0, must-revalidate, Pragma:no-cache, Expires:0, X-Frame-Options:DENY, Content-Type:application/json, Transfer-Encoding:chunked, Date:Tue, 08 Apr 2025 17:21:40 GMT, Keep-Alive:timeout=60, Connection:keep-alive]
2025-04-08 22:55:54.193 [AsyncResolver-bootstrap-executor-%d] INFO  c.n.d.s.r.aws.ConfigClusterResolver - Resolving eureka endpoints via configuration
2025-04-08 23:00:54.184 [AsyncResolver-bootstrap-executor-%d] INFO  c.n.d.s.r.aws.ConfigClusterResolver - Resolving eureka endpoints via configuration
2025-04-08 23:05:54.169 [AsyncResolver-bootstrap-executor-%d] INFO  c.n.d.s.r.aws.ConfigClusterResolver - Resolving eureka endpoints via configuration
2025-04-08 23:10:54.201 [AsyncResolver-bootstrap-executor-%d] INFO  c.n.d.s.r.aws.ConfigClusterResolver - Resolving eureka endpoints via configuration
2025-04-08 23:15:54.200 [AsyncResolver-bootstrap-executor-%d] INFO  c.n.d.s.r.aws.ConfigClusterResolver - Resolving eureka endpoints via configuration
2025-04-08 23:17:03.582 [http-nio-6902-exec-2] WARN  U.c.BearerTokenAuthenticationFilter - Authorization header is missing
2025-04-08 23:17:03.587 [http-nio-6902-exec-2] INFO  U.c.RequestResponseLoggingInterceptor - Request: GET /spring/users/getUserDetailsForLogin?username=baiskhiyar&password=qwerty123 Payload: [empty] Headers: [accept:application/json, application/*+json]
2025-04-08 23:17:03.838 [http-nio-6902-exec-2] INFO  U.c.RequestResponseLoggingInterceptor - Response: /spring/users/getUserDetailsForLogin Status: 200 Payload: [empty] Headers: [Vary:Origin, Vary:Origin, Vary:Origin, X-Content-Type-Options:nosniff, X-XSS-Protection:0, Cache-Control:no-cache, no-store, max-age=0, must-revalidate, Pragma:no-cache, Expires:0, X-Frame-Options:DENY, Content-Type:application/json, Transfer-Encoding:chunked, Date:Tue, 08 Apr 2025 17:47:03 GMT, Keep-Alive:timeout=60, Connection:keep-alive]
2025-04-08 23:20:54.194 [AsyncResolver-bootstrap-executor-%d] INFO  c.n.d.s.r.aws.ConfigClusterResolver - Resolving eureka endpoints via configuration
2025-04-08 23:25:25.134 [SpringApplicationShutdownHook] INFO  o.s.c.n.e.s.EurekaServiceRegistry - Unregistering application USER-SERVICE with eureka with status DOWN
2025-04-08 23:25:25.135 [SpringApplicationShutdownHook] INFO  c.netflix.discovery.DiscoveryClient - Saw local status change event StatusChangeEvent [timestamp=1744134925135, current=DOWN, previous=UP]
2025-04-08 23:25:25.136 [DiscoveryClient-InstanceInfoReplicator-%d] INFO  c.netflix.discovery.DiscoveryClient - DiscoveryClient_USER-SERVICE/192.168.29.27:User-Service:6902: registering service...
2025-04-08 23:25:25.230 [DiscoveryClient-InstanceInfoReplicator-%d] INFO  c.netflix.discovery.DiscoveryClient - DiscoveryClient_USER-SERVICE/192.168.29.27:User-Service:6902 - registration status: 204
2025-04-08 23:25:25.462 [SpringApplicationShutdownHook] INFO  o.s.o.j.LocalContainerEntityManagerFactoryBean - Closing JPA EntityManagerFactory for persistence unit 'default'
2025-04-08 23:25:25.474 [SpringApplicationShutdownHook] INFO  com.zaxxer.hikari.HikariDataSource - hungerbox - Shutdown initiated...
2025-04-08 23:25:25.477 [SpringApplicationShutdownHook] INFO  com.zaxxer.hikari.HikariDataSource - hungerbox - Shutdown completed.
2025-04-08 23:25:25.478 [SpringApplicationShutdownHook] INFO  c.netflix.discovery.DiscoveryClient - Shutting down DiscoveryClient ...
2025-04-08 23:25:28.479 [SpringApplicationShutdownHook] INFO  c.netflix.discovery.DiscoveryClient - Unregistering ...
2025-04-08 23:25:28.494 [SpringApplicationShutdownHook] INFO  c.netflix.discovery.DiscoveryClient - DiscoveryClient_USER-SERVICE/192.168.29.27:User-Service:6902 - deregister  status: 200
2025-04-08 23:25:28.495 [SpringApplicationShutdownHook] INFO  c.netflix.discovery.DiscoveryClient - Completed shut down of DiscoveryClient
2025-04-08 23:25:41.175 [main] INFO  UserService.UserServiceApplication - Starting UserServiceApplication using Java 23.0.2 with PID 70995 (/Users/hungerbox/Documents/Projects/SpringBoot-eCommerce/UserService/target/classes started by hungerbox in /Users/hungerbox/Documents/Projects/SpringBoot-eCommerce)
2025-04-08 23:25:41.176 [main] DEBUG UserService.UserServiceApplication - Running with Spring Boot v3.2.4, Spring v6.1.5
2025-04-08 23:25:41.176 [main] INFO  UserService.UserServiceApplication - No active profile set, falling back to 1 default profile: "default"
2025-04-08 23:25:41.672 [main] INFO  o.s.d.r.c.RepositoryConfigurationDelegate - Multiple Spring Data modules found, entering strict repository configuration mode
2025-04-08 23:25:41.673 [main] INFO  o.s.d.r.c.RepositoryConfigurationDelegate - Bootstrapping Spring Data JPA repositories in DEFAULT mode.
2025-04-08 23:25:41.752 [main] INFO  o.s.d.r.c.RepositoryConfigurationDelegate - Finished Spring Data repository scanning in 74 ms. Found 6 JPA repository interfaces.
2025-04-08 23:25:41.771 [main] INFO  o.s.d.r.c.RepositoryConfigurationDelegate - Multiple Spring Data modules found, entering strict repository configuration mode
2025-04-08 23:25:41.774 [main] INFO  o.s.d.r.c.RepositoryConfigurationDelegate - Bootstrapping Spring Data Redis repositories in DEFAULT mode.
2025-04-08 23:25:41.782 [main] INFO  o.s.d.r.c.RepositoryConfigurationExtensionSupport - Spring Data Redis - Could not safely identify store assignment for repository candidate interface UserService.repositories.AccessTokenProviderRepository; If you want this repository to be a Redis repository, consider annotating your entities with one of these annotations: org.springframework.data.redis.core.RedisHash (preferred), or consider extending one of the following types with your repository: org.springframework.data.keyvalue.repository.KeyValueRepository
2025-04-08 23:25:41.783 [main] INFO  o.s.d.r.c.RepositoryConfigurationExtensionSupport - Spring Data Redis - Could not safely identify store assignment for repository candidate interface UserService.repositories.RoleScopesRepository; If you want this repository to be a Redis repository, consider annotating your entities with one of these annotations: org.springframework.data.redis.core.RedisHash (preferred), or consider extending one of the following types with your repository: org.springframework.data.keyvalue.repository.KeyValueRepository
2025-04-08 23:25:41.783 [main] INFO  o.s.d.r.c.RepositoryConfigurationExtensionSupport - Spring Data Redis - Could not safely identify store assignment for repository candidate interface UserService.repositories.RolesRepository; If you want this repository to be a Redis repository, consider annotating your entities with one of these annotations: org.springframework.data.redis.core.RedisHash (preferred), or consider extending one of the following types with your repository: org.springframework.data.keyvalue.repository.KeyValueRepository
2025-04-08 23:25:41.783 [main] INFO  o.s.d.r.c.RepositoryConfigurationExtensionSupport - Spring Data Redis - Could not safely identify store assignment for repository candidate interface UserService.repositories.ScopesRepository; If you want this repository to be a Redis repository, consider annotating your entities with one of these annotations: org.springframework.data.redis.core.RedisHash (preferred), or consider extending one of the following types with your repository: org.springframework.data.keyvalue.repository.KeyValueRepository
2025-04-08 23:25:41.783 [main] INFO  o.s.d.r.c.RepositoryConfigurationExtensionSupport - Spring Data Redis - Could not safely identify store assignment for repository candidate interface UserService.repositories.UserRolesRepository; If you want this repository to be a Redis repository, consider annotating your entities with one of these annotations: org.springframework.data.redis.core.RedisHash (preferred), or consider extending one of the following types with your repository: org.springframework.data.keyvalue.repository.KeyValueRepository
2025-04-08 23:25:41.783 [main] INFO  o.s.d.r.c.RepositoryConfigurationExtensionSupport - Spring Data Redis - Could not safely identify store assignment for repository candidate interface UserService.repositories.UsersRepository; If you want this repository to be a Redis repository, consider annotating your entities with one of these annotations: org.springframework.data.redis.core.RedisHash (preferred), or consider extending one of the following types with your repository: org.springframework.data.keyvalue.repository.KeyValueRepository
2025-04-08 23:25:41.783 [main] INFO  o.s.d.r.c.RepositoryConfigurationDelegate - Finished Spring Data repository scanning in 3 ms. Found 0 Redis repository interfaces.
2025-04-08 23:25:41.902 [main] INFO  o.s.cloud.context.scope.GenericScope - BeanFactory id=aa903e70-8f57-38aa-912c-a80b6ce7ae6e
2025-04-08 23:25:42.007 [main] WARN  o.s.c.s.PostProcessorRegistrationDelegate$BeanPostProcessorChecker - Bean 'org.springframework.cloud.client.loadbalancer.LoadBalancerAutoConfiguration$DeferringLoadBalancerInterceptorConfig' of type [org.springframework.cloud.client.loadbalancer.LoadBalancerAutoConfiguration$DeferringLoadBalancerInterceptorConfig] is not eligible for getting processed by all BeanPostProcessors (for example: not eligible for auto-proxying). The currently created BeanPostProcessor [lbRestClientPostProcessor] is declared through a non-static factory method on that class; consider declaring it as static instead.
2025-04-08 23:25:42.010 [main] WARN  o.s.c.s.PostProcessorRegistrationDelegate$BeanPostProcessorChecker - Bean 'deferringLoadBalancerInterceptor' of type [org.springframework.cloud.client.loadbalancer.DeferringLoadBalancerInterceptor] is not eligible for getting processed by all BeanPostProcessors (for example: not eligible for auto-proxying). Is this bean getting eagerly injected into a currently created BeanPostProcessor [lbRestClientPostProcessor]? Check the corresponding BeanPostProcessor declaration and its dependencies.
2025-04-08 23:25:42.163 [main] INFO  o.s.b.w.e.tomcat.TomcatWebServer - Tomcat initialized with port 6902 (http)
2025-04-08 23:25:42.168 [main] INFO  o.a.coyote.http11.Http11NioProtocol - Initializing ProtocolHandler ["http-nio-6902"]
2025-04-08 23:25:42.169 [main] INFO  o.a.catalina.core.StandardService - Starting service [Tomcat]
2025-04-08 23:25:42.169 [main] INFO  o.a.catalina.core.StandardEngine - Starting Servlet engine: [Apache Tomcat/10.1.19]
2025-04-08 23:25:42.202 [main] INFO  o.a.c.c.C.[Tomcat].[localhost].[/] - Initializing Spring embedded WebApplicationContext
2025-04-08 23:25:42.202 [main] INFO  o.s.b.w.s.c.ServletWebServerApplicationContext - Root WebApplicationContext: initialization completed in 1002 ms
2025-04-08 23:25:42.276 [main] INFO  o.h.jpa.internal.util.LogHelper - HHH000204: Processing PersistenceUnitInfo [name: default]
2025-04-08 23:25:42.310 [main] INFO  org.hibernate.Version - HHH000412: Hibernate ORM core version 6.4.4.Final
2025-04-08 23:25:42.327 [main] INFO  o.h.c.i.RegionFactoryInitiator - HHH000026: Second-level cache disabled
2025-04-08 23:25:42.469 [main] INFO  o.s.o.j.p.SpringPersistenceUnitInfo - No LoadTimeWeaver setup: ignoring JPA class transformer
2025-04-08 23:25:42.487 [main] INFO  com.zaxxer.hikari.HikariDataSource - hungerbox - Starting...
2025-04-08 23:25:42.603 [main] INFO  com.zaxxer.hikari.pool.HikariPool - hungerbox - Added connection com.mysql.cj.jdbc.ConnectionImpl@21c5c68a
2025-04-08 23:25:42.605 [main] INFO  com.zaxxer.hikari.HikariDataSource - hungerbox - Start completed.
2025-04-08 23:25:42.654 [main] WARN  org.hibernate.orm.deprecation - HHH90000025: MySQL8Dialect does not need to be specified explicitly using 'hibernate.dialect' (remove the property setting and it will be selected by default)
2025-04-08 23:25:42.655 [main] WARN  org.hibernate.orm.deprecation - HHH90000026: MySQL8Dialect has been deprecated; use org.hibernate.dialect.MySQLDialect instead
2025-04-08 23:25:43.133 [main] INFO  o.h.e.t.j.p.i.JtaPlatformInitiator - HHH000489: No JTA platform available (set 'hibernate.transaction.jta.platform' to enable JTA platform integration)
2025-04-08 23:25:43.266 [main] INFO  o.s.o.j.LocalContainerEntityManagerFactoryBean - Initialized JPA EntityManagerFactory for persistence unit 'default'
2025-04-08 23:25:43.437 [main] INFO  o.s.d.j.r.query.QueryEnhancerFactory - Hibernate is in classpath; If applicable, HQL parser will be used.
2025-04-08 23:25:44.332 [main] DEBUG U.c.BearerTokenAuthenticationFilter - Filter 'bearerTokenAuthenticationFilter' configured for use
2025-04-08 23:25:44.391 [main] WARN  o.s.b.a.o.j.JpaBaseConfiguration$JpaWebConfiguration - spring.jpa.open-in-view is enabled by default. Therefore, database queries may be performed during view rendering. Explicitly configure spring.jpa.open-in-view to disable this warning
2025-04-08 23:25:44.652 [main] INFO  o.s.s.web.DefaultSecurityFilterChain - Will secure any request with [org.springframework.security.web.session.DisableEncodeUrlFilter@7953699e, org.springframework.security.web.context.request.async.WebAsyncManagerIntegrationFilter@7de922ba, org.springframework.security.web.context.SecurityContextHolderFilter@26d68ea4, org.springframework.security.web.header.HeaderWriterFilter@68076f57, org.springframework.web.filter.CorsFilter@4644f3d4, org.springframework.security.web.authentication.logout.LogoutFilter@11b975cc, org.springframework.security.web.savedrequest.RequestCacheAwareFilter@1155ab2c, org.springframework.security.web.servletapi.SecurityContextHolderAwareRequestFilter@6f78eb17, org.springframework.security.web.authentication.AnonymousAuthenticationFilter@240e8240, org.springframework.security.web.session.SessionManagementFilter@491ef90c, org.springframework.security.web.access.ExceptionTranslationFilter@20b1f874, org.springframework.security.web.access.intercept.AuthorizationFilter@6e6d4a64]
2025-04-08 23:25:45.009 [main] INFO  o.s.c.n.e.c.DiscoveryClientOptionalArgsConfiguration - Eureka HTTP Client uses RestTemplate.
2025-04-08 23:25:45.037 [main] WARN  o.s.c.l.c.LoadBalancerCacheAutoConfiguration$LoadBalancerCaffeineWarnLogger - Spring Cloud LoadBalancer is currently working with the default cache. While this cache implementation is useful for development and tests, it's recommended to use Caffeine cache in production.You can switch to using Caffeine cache, by adding it and org.springframework.cache.caffeine.CaffeineCacheManager to the classpath.
2025-04-08 23:25:45.064 [main] INFO  o.s.c.n.eureka.InstanceInfoFactory - Setting initial instance status as: STARTING
2025-04-08 23:25:45.075 [main] INFO  c.netflix.discovery.DiscoveryClient - Initializing Eureka in region us-east-1
2025-04-08 23:25:45.077 [main] INFO  c.n.d.s.r.aws.ConfigClusterResolver - Resolving eureka endpoints via configuration
2025-04-08 23:25:45.080 [main] INFO  c.netflix.discovery.DiscoveryClient - Disable delta property : false
2025-04-08 23:25:45.080 [main] INFO  c.netflix.discovery.DiscoveryClient - Single vip registry refresh property : null
2025-04-08 23:25:45.080 [main] INFO  c.netflix.discovery.DiscoveryClient - Force full registry fetch : false
2025-04-08 23:25:45.080 [main] INFO  c.netflix.discovery.DiscoveryClient - Application is null : false
2025-04-08 23:25:45.080 [main] INFO  c.netflix.discovery.DiscoveryClient - Registered Applications size is zero : true
2025-04-08 23:25:45.080 [main] INFO  c.netflix.discovery.DiscoveryClient - Application version is -1: true
2025-04-08 23:25:45.081 [main] INFO  c.netflix.discovery.DiscoveryClient - Getting all instance registry info from the eureka server
2025-04-08 23:25:45.349 [main] INFO  c.netflix.discovery.DiscoveryClient - The response status is 200
2025-04-08 23:25:45.350 [main] INFO  c.netflix.discovery.DiscoveryClient - Starting heartbeat executor: renew interval is: 30
2025-04-08 23:25:45.351 [main] INFO  c.n.discovery.InstanceInfoReplicator - InstanceInfoReplicator onDemand update allowed rate per min is 4
2025-04-08 23:25:45.351 [main] INFO  c.netflix.discovery.DiscoveryClient - Discovery Client initialized at timestamp 1744134945351 with initial instances count: 3
2025-04-08 23:25:45.355 [main] INFO  o.s.c.n.e.s.EurekaServiceRegistry - Registering application USER-SERVICE with eureka with status UP
2025-04-08 23:25:45.355 [main] INFO  c.netflix.discovery.DiscoveryClient - Saw local status change event StatusChangeEvent [timestamp=1744134945355, current=UP, previous=STARTING]
2025-04-08 23:25:45.356 [DiscoveryClient-InstanceInfoReplicator-%d] INFO  c.netflix.discovery.DiscoveryClient - DiscoveryClient_USER-SERVICE/192.168.29.27:User-Service:6902: registering service...
2025-04-08 23:25:45.356 [main] INFO  o.a.coyote.http11.Http11NioProtocol - Starting ProtocolHandler ["http-nio-6902"]
2025-04-08 23:25:45.363 [main] INFO  o.s.b.w.e.tomcat.TomcatWebServer - Tomcat started on port 6902 (http) with context path ''
2025-04-08 23:25:45.364 [main] INFO  o.s.c.n.e.s.EurekaAutoServiceRegistration - Updating port to 6902
2025-04-08 23:25:45.371 [main] INFO  UserService.UserServiceApplication - Started UserServiceApplication in 4.465 seconds (process running for 10.09)
2025-04-08 23:25:45.378 [DiscoveryClient-InstanceInfoReplicator-%d] INFO  c.netflix.discovery.DiscoveryClient - DiscoveryClient_USER-SERVICE/192.168.29.27:User-Service:6902 - registration status: 204
2025-04-08 23:27:03.337 [SpringApplicationShutdownHook] INFO  o.s.c.n.e.s.EurekaServiceRegistry - Unregistering application USER-SERVICE with eureka with status DOWN
2025-04-08 23:27:03.338 [SpringApplicationShutdownHook] INFO  c.netflix.discovery.DiscoveryClient - Saw local status change event StatusChangeEvent [timestamp=1744135023338, current=DOWN, previous=UP]
2025-04-08 23:27:03.339 [DiscoveryClient-InstanceInfoReplicator-%d] INFO  c.netflix.discovery.DiscoveryClient - DiscoveryClient_USER-SERVICE/192.168.29.27:User-Service:6902: registering service...
2025-04-08 23:27:03.348 [DiscoveryClient-InstanceInfoReplicator-%d] INFO  c.netflix.discovery.DiscoveryClient - DiscoveryClient_USER-SERVICE/192.168.29.27:User-Service:6902 - registration status: 204
2025-04-08 23:27:03.362 [SpringApplicationShutdownHook] INFO  o.s.o.j.LocalContainerEntityManagerFactoryBean - Closing JPA EntityManagerFactory for persistence unit 'default'
2025-04-08 23:27:03.364 [SpringApplicationShutdownHook] INFO  com.zaxxer.hikari.HikariDataSource - hungerbox - Shutdown initiated...
2025-04-08 23:27:03.368 [SpringApplicationShutdownHook] INFO  com.zaxxer.hikari.HikariDataSource - hungerbox - Shutdown completed.
2025-04-08 23:27:03.369 [SpringApplicationShutdownHook] INFO  c.netflix.discovery.DiscoveryClient - Shutting down DiscoveryClient ...
2025-04-08 23:27:06.375 [SpringApplicationShutdownHook] INFO  c.netflix.discovery.DiscoveryClient - Unregistering ...
2025-04-08 23:27:06.386 [SpringApplicationShutdownHook] INFO  c.netflix.discovery.DiscoveryClient - DiscoveryClient_USER-SERVICE/192.168.29.27:User-Service:6902 - deregister  status: 200
2025-04-08 23:27:06.387 [SpringApplicationShutdownHook] INFO  c.netflix.discovery.DiscoveryClient - Completed shut down of DiscoveryClient
2025-04-08 23:27:18.510 [main] INFO  UserService.UserServiceApplication - Starting UserServiceApplication using Java 23.0.2 with PID 71066 (/Users/hungerbox/Documents/Projects/SpringBoot-eCommerce/UserService/target/classes started by hungerbox in /Users/hungerbox/Documents/Projects/SpringBoot-eCommerce)
2025-04-08 23:27:18.511 [main] DEBUG UserService.UserServiceApplication - Running with Spring Boot v3.2.4, Spring v6.1.5
2025-04-08 23:27:18.511 [main] INFO  UserService.UserServiceApplication - No active profile set, falling back to 1 default profile: "default"
2025-04-08 23:27:18.893 [main] INFO  o.s.d.r.c.RepositoryConfigurationDelegate - Multiple Spring Data modules found, entering strict repository configuration mode
2025-04-08 23:27:18.894 [main] INFO  o.s.d.r.c.RepositoryConfigurationDelegate - Bootstrapping Spring Data JPA repositories in DEFAULT mode.
2025-04-08 23:27:18.974 [main] INFO  o.s.d.r.c.RepositoryConfigurationDelegate - Finished Spring Data repository scanning in 76 ms. Found 6 JPA repository interfaces.
2025-04-08 23:27:18.982 [main] INFO  o.s.d.r.c.RepositoryConfigurationDelegate - Multiple Spring Data modules found, entering strict repository configuration mode
2025-04-08 23:27:18.983 [main] INFO  o.s.d.r.c.RepositoryConfigurationDelegate - Bootstrapping Spring Data Redis repositories in DEFAULT mode.
2025-04-08 23:27:18.989 [main] INFO  o.s.d.r.c.RepositoryConfigurationExtensionSupport - Spring Data Redis - Could not safely identify store assignment for repository candidate interface UserService.repositories.AccessTokenProviderRepository; If you want this repository to be a Redis repository, consider annotating your entities with one of these annotations: org.springframework.data.redis.core.RedisHash (preferred), or consider extending one of the following types with your repository: org.springframework.data.keyvalue.repository.KeyValueRepository
2025-04-08 23:27:18.991 [main] INFO  o.s.d.r.c.RepositoryConfigurationExtensionSupport - Spring Data Redis - Could not safely identify store assignment for repository candidate interface UserService.repositories.RoleScopesRepository; If you want this repository to be a Redis repository, consider annotating your entities with one of these annotations: org.springframework.data.redis.core.RedisHash (preferred), or consider extending one of the following types with your repository: org.springframework.data.keyvalue.repository.KeyValueRepository
2025-04-08 23:27:18.991 [main] INFO  o.s.d.r.c.RepositoryConfigurationExtensionSupport - Spring Data Redis - Could not safely identify store assignment for repository candidate interface UserService.repositories.RolesRepository; If you want this repository to be a Redis repository, consider annotating your entities with one of these annotations: org.springframework.data.redis.core.RedisHash (preferred), or consider extending one of the following types with your repository: org.springframework.data.keyvalue.repository.KeyValueRepository
2025-04-08 23:27:18.991 [main] INFO  o.s.d.r.c.RepositoryConfigurationExtensionSupport - Spring Data Redis - Could not safely identify store assignment for repository candidate interface UserService.repositories.ScopesRepository; If you want this repository to be a Redis repository, consider annotating your entities with one of these annotations: org.springframework.data.redis.core.RedisHash (preferred), or consider extending one of the following types with your repository: org.springframework.data.keyvalue.repository.KeyValueRepository
2025-04-08 23:27:18.991 [main] INFO  o.s.d.r.c.RepositoryConfigurationExtensionSupport - Spring Data Redis - Could not safely identify store assignment for repository candidate interface UserService.repositories.UserRolesRepository; If you want this repository to be a Redis repository, consider annotating your entities with one of these annotations: org.springframework.data.redis.core.RedisHash (preferred), or consider extending one of the following types with your repository: org.springframework.data.keyvalue.repository.KeyValueRepository
2025-04-08 23:27:18.992 [main] INFO  o.s.d.r.c.RepositoryConfigurationExtensionSupport - Spring Data Redis - Could not safely identify store assignment for repository candidate interface UserService.repositories.UsersRepository; If you want this repository to be a Redis repository, consider annotating your entities with one of these annotations: org.springframework.data.redis.core.RedisHash (preferred), or consider extending one of the following types with your repository: org.springframework.data.keyvalue.repository.KeyValueRepository
2025-04-08 23:27:18.992 [main] INFO  o.s.d.r.c.RepositoryConfigurationDelegate - Finished Spring Data repository scanning in 5 ms. Found 0 Redis repository interfaces.
2025-04-08 23:27:19.106 [main] INFO  o.s.cloud.context.scope.GenericScope - BeanFactory id=aa903e70-8f57-38aa-912c-a80b6ce7ae6e
2025-04-08 23:27:19.211 [main] WARN  o.s.c.s.PostProcessorRegistrationDelegate$BeanPostProcessorChecker - Bean 'org.springframework.cloud.client.loadbalancer.LoadBalancerAutoConfiguration$DeferringLoadBalancerInterceptorConfig' of type [org.springframework.cloud.client.loadbalancer.LoadBalancerAutoConfiguration$DeferringLoadBalancerInterceptorConfig] is not eligible for getting processed by all BeanPostProcessors (for example: not eligible for auto-proxying). The currently created BeanPostProcessor [lbRestClientPostProcessor] is declared through a non-static factory method on that class; consider declaring it as static instead.
2025-04-08 23:27:19.213 [main] WARN  o.s.c.s.PostProcessorRegistrationDelegate$BeanPostProcessorChecker - Bean 'deferringLoadBalancerInterceptor' of type [org.springframework.cloud.client.loadbalancer.DeferringLoadBalancerInterceptor] is not eligible for getting processed by all BeanPostProcessors (for example: not eligible for auto-proxying). Is this bean getting eagerly injected into a currently created BeanPostProcessor [lbRestClientPostProcessor]? Check the corresponding BeanPostProcessor declaration and its dependencies.
2025-04-08 23:27:19.352 [main] INFO  o.s.b.w.e.tomcat.TomcatWebServer - Tomcat initialized with port 6902 (http)
2025-04-08 23:27:19.357 [main] INFO  o.a.coyote.http11.Http11NioProtocol - Initializing ProtocolHandler ["http-nio-6902"]
2025-04-08 23:27:19.358 [main] INFO  o.a.catalina.core.StandardService - Starting service [Tomcat]
2025-04-08 23:27:19.358 [main] INFO  o.a.catalina.core.StandardEngine - Starting Servlet engine: [Apache Tomcat/10.1.19]
2025-04-08 23:27:19.385 [main] INFO  o.a.c.c.C.[Tomcat].[localhost].[/] - Initializing Spring embedded WebApplicationContext
2025-04-08 23:27:19.385 [main] INFO  o.s.b.w.s.c.ServletWebServerApplicationContext - Root WebApplicationContext: initialization completed in 853 ms
2025-04-08 23:27:19.454 [main] INFO  o.h.jpa.internal.util.LogHelper - HHH000204: Processing PersistenceUnitInfo [name: default]
2025-04-08 23:27:19.482 [main] INFO  org.hibernate.Version - HHH000412: Hibernate ORM core version 6.4.4.Final
2025-04-08 23:27:19.498 [main] INFO  o.h.c.i.RegionFactoryInitiator - HHH000026: Second-level cache disabled
2025-04-08 23:27:19.624 [main] INFO  o.s.o.j.p.SpringPersistenceUnitInfo - No LoadTimeWeaver setup: ignoring JPA class transformer
2025-04-08 23:27:19.640 [main] INFO  com.zaxxer.hikari.HikariDataSource - hungerbox - Starting...
2025-04-08 23:27:19.730 [main] INFO  com.zaxxer.hikari.pool.HikariPool - hungerbox - Added connection com.mysql.cj.jdbc.ConnectionImpl@5bb39285
2025-04-08 23:27:19.731 [main] INFO  com.zaxxer.hikari.HikariDataSource - hungerbox - Start completed.
2025-04-08 23:27:19.760 [main] WARN  org.hibernate.orm.deprecation - HHH90000025: MySQL8Dialect does not need to be specified explicitly using 'hibernate.dialect' (remove the property setting and it will be selected by default)
2025-04-08 23:27:19.760 [main] WARN  org.hibernate.orm.deprecation - HHH90000026: MySQL8Dialect has been deprecated; use org.hibernate.dialect.MySQLDialect instead
2025-04-08 23:27:20.228 [main] INFO  o.h.e.t.j.p.i.JtaPlatformInitiator - HHH000489: No JTA platform available (set 'hibernate.transaction.jta.platform' to enable JTA platform integration)
2025-04-08 23:27:20.301 [main] INFO  o.s.o.j.LocalContainerEntityManagerFactoryBean - Initialized JPA EntityManagerFactory for persistence unit 'default'
2025-04-08 23:27:20.460 [main] INFO  o.s.d.j.r.query.QueryEnhancerFactory - Hibernate is in classpath; If applicable, HQL parser will be used.
2025-04-08 23:27:20.925 [main] DEBUG U.c.BearerTokenAuthenticationFilter - Filter 'bearerTokenAuthenticationFilter' configured for use
2025-04-08 23:27:20.967 [main] WARN  o.s.b.a.o.j.JpaBaseConfiguration$JpaWebConfiguration - spring.jpa.open-in-view is enabled by default. Therefore, database queries may be performed during view rendering. Explicitly configure spring.jpa.open-in-view to disable this warning
2025-04-08 23:27:21.164 [main] INFO  o.s.s.web.DefaultSecurityFilterChain - Will secure any request with [org.springframework.security.web.session.DisableEncodeUrlFilter@28089256, org.springframework.security.web.context.request.async.WebAsyncManagerIntegrationFilter@3625110e, org.springframework.security.web.context.SecurityContextHolderFilter@38ce90b4, org.springframework.security.web.header.HeaderWriterFilter@113886b1, org.springframework.web.filter.CorsFilter@6e6d4a64, org.springframework.security.web.authentication.logout.LogoutFilter@75ad8ca8, org.springframework.security.web.savedrequest.RequestCacheAwareFilter@491ef90c, org.springframework.security.web.servletapi.SecurityContextHolderAwareRequestFilter@6a5c67cf, org.springframework.security.web.authentication.AnonymousAuthenticationFilter@b96101b, org.springframework.security.web.session.SessionManagementFilter@6385af63, org.springframework.security.web.access.ExceptionTranslationFilter@626e3b18, org.springframework.security.web.access.intercept.AuthorizationFilter@5c18556c]
2025-04-08 23:27:21.462 [main] INFO  o.s.c.n.e.c.DiscoveryClientOptionalArgsConfiguration - Eureka HTTP Client uses RestTemplate.
2025-04-08 23:27:21.485 [main] WARN  o.s.c.l.c.LoadBalancerCacheAutoConfiguration$LoadBalancerCaffeineWarnLogger - Spring Cloud LoadBalancer is currently working with the default cache. While this cache implementation is useful for development and tests, it's recommended to use Caffeine cache in production.You can switch to using Caffeine cache, by adding it and org.springframework.cache.caffeine.CaffeineCacheManager to the classpath.
2025-04-08 23:27:21.510 [main] INFO  o.s.c.n.eureka.InstanceInfoFactory - Setting initial instance status as: STARTING
2025-04-08 23:27:21.526 [main] INFO  c.netflix.discovery.DiscoveryClient - Initializing Eureka in region us-east-1
2025-04-08 23:27:21.528 [main] INFO  c.n.d.s.r.aws.ConfigClusterResolver - Resolving eureka endpoints via configuration
2025-04-08 23:27:21.531 [main] INFO  c.netflix.discovery.DiscoveryClient - Disable delta property : false
2025-04-08 23:27:21.531 [main] INFO  c.netflix.discovery.DiscoveryClient - Single vip registry refresh property : null
2025-04-08 23:27:21.531 [main] INFO  c.netflix.discovery.DiscoveryClient - Force full registry fetch : false
2025-04-08 23:27:21.531 [main] INFO  c.netflix.discovery.DiscoveryClient - Application is null : false
2025-04-08 23:27:21.531 [main] INFO  c.netflix.discovery.DiscoveryClient - Registered Applications size is zero : true
2025-04-08 23:27:21.531 [main] INFO  c.netflix.discovery.DiscoveryClient - Application version is -1: true
2025-04-08 23:27:21.531 [main] INFO  c.netflix.discovery.DiscoveryClient - Getting all instance registry info from the eureka server
2025-04-08 23:27:21.735 [main] INFO  c.netflix.discovery.DiscoveryClient - The response status is 200
2025-04-08 23:27:21.736 [main] INFO  c.netflix.discovery.DiscoveryClient - Starting heartbeat executor: renew interval is: 30
2025-04-08 23:27:21.737 [main] INFO  c.n.discovery.InstanceInfoReplicator - InstanceInfoReplicator onDemand update allowed rate per min is 4
2025-04-08 23:27:21.738 [main] INFO  c.netflix.discovery.DiscoveryClient - Discovery Client initialized at timestamp 1744135041738 with initial instances count: 3
2025-04-08 23:27:21.742 [main] INFO  o.s.c.n.e.s.EurekaServiceRegistry - Registering application USER-SERVICE with eureka with status UP
2025-04-08 23:27:21.742 [main] INFO  c.netflix.discovery.DiscoveryClient - Saw local status change event StatusChangeEvent [timestamp=1744135041742, current=UP, previous=STARTING]
2025-04-08 23:27:21.743 [DiscoveryClient-InstanceInfoReplicator-%d] INFO  c.netflix.discovery.DiscoveryClient - DiscoveryClient_USER-SERVICE/192.168.29.27:User-Service:6902: registering service...
2025-04-08 23:27:21.744 [main] INFO  o.a.coyote.http11.Http11NioProtocol - Starting ProtocolHandler ["http-nio-6902"]
2025-04-08 23:27:21.754 [main] INFO  o.s.b.w.e.tomcat.TomcatWebServer - Tomcat started on port 6902 (http) with context path ''
2025-04-08 23:27:21.754 [main] INFO  o.s.c.n.e.s.EurekaAutoServiceRegistration - Updating port to 6902
2025-04-08 23:27:21.762 [main] INFO  UserService.UserServiceApplication - Started UserServiceApplication in 3.488 seconds (process running for 9.063)
2025-04-08 23:27:21.768 [DiscoveryClient-InstanceInfoReplicator-%d] INFO  c.netflix.discovery.DiscoveryClient - DiscoveryClient_USER-SERVICE/192.168.29.27:User-Service:6902 - registration status: 204
2025-04-08 23:32:21.536 [AsyncResolver-bootstrap-executor-%d] INFO  c.n.d.s.r.aws.ConfigClusterResolver - Resolving eureka endpoints via configuration
2025-04-08 23:33:24.699 [http-nio-6902-exec-2] INFO  o.a.c.c.C.[Tomcat].[localhost].[/] - Initializing Spring DispatcherServlet 'dispatcherServlet'
2025-04-08 23:33:24.700 [http-nio-6902-exec-2] INFO  o.s.web.servlet.DispatcherServlet - Initializing Servlet 'dispatcherServlet'
2025-04-08 23:33:24.703 [http-nio-6902-exec-2] INFO  o.s.web.servlet.DispatcherServlet - Completed initialization in 2 ms
2025-04-08 23:33:24.719 [http-nio-6902-exec-2] WARN  U.c.BearerTokenAuthenticationFilter - Authorization header is missing
2025-04-08 23:33:24.723 [http-nio-6902-exec-2] INFO  U.c.RequestResponseLoggingInterceptor - Request: GET /spring/users/getUserDetailsForLogin?username=baiskhiyar&password=qwerty123 Payload: [empty] Headers: [accept:application/json, application/*+json]
2025-04-08 23:33:27.988 [http-nio-6902-exec-2] INFO  U.c.RequestResponseLoggingInterceptor - Response: /spring/users/getUserDetailsForLogin Status: 200 Payload: [empty] Headers: [Vary:Origin, Vary:Origin, Vary:Origin, X-Content-Type-Options:nosniff, X-XSS-Protection:0, Cache-Control:no-cache, no-store, max-age=0, must-revalidate, Pragma:no-cache, Expires:0, X-Frame-Options:DENY, Content-Type:application/json, Transfer-Encoding:chunked, Date:Tue, 08 Apr 2025 18:03:27 GMT, Keep-Alive:timeout=60, Connection:keep-alive]
2025-04-08 23:35:22.307 [http-nio-6902-exec-3] WARN  U.c.BearerTokenAuthenticationFilter - Authorization header is missing
2025-04-08 23:35:22.309 [http-nio-6902-exec-3] INFO  U.c.RequestResponseLoggingInterceptor - Request: GET /spring/users/getUserDetailsForLogin?username=baiskhiyar&password=qwerty123 Payload: [empty] Headers: [accept:application/json, application/*+json]
2025-04-08 23:35:22.457 [http-nio-6902-exec-3] INFO  U.c.RequestResponseLoggingInterceptor - Response: /spring/users/getUserDetailsForLogin Status: 200 Payload: [empty] Headers: [Vary:Origin, Vary:Origin, Vary:Origin, X-Content-Type-Options:nosniff, X-XSS-Protection:0, Cache-Control:no-cache, no-store, max-age=0, must-revalidate, Pragma:no-cache, Expires:0, X-Frame-Options:DENY, Content-Type:application/json, Transfer-Encoding:chunked, Date:Tue, 08 Apr 2025 18:05:22 GMT, Keep-Alive:timeout=60, Connection:keep-alive]
2025-04-08 23:37:21.516 [http-nio-6902-exec-5] WARN  U.c.BearerTokenAuthenticationFilter - Authorization header is missing
2025-04-08 23:37:21.518 [http-nio-6902-exec-5] INFO  U.c.RequestResponseLoggingInterceptor - Request: GET /spring/users/getUserDetailsForLogin?username=baiskhiyar&password=qwerty123 Payload: [empty] Headers: [accept:application/json, application/*+json]
2025-04-08 23:37:21.537 [AsyncResolver-bootstrap-executor-%d] INFO  c.n.d.s.r.aws.ConfigClusterResolver - Resolving eureka endpoints via configuration
2025-04-08 23:37:21.641 [http-nio-6902-exec-5] INFO  U.c.RequestResponseLoggingInterceptor - Response: /spring/users/getUserDetailsForLogin Status: 200 Payload: [empty] Headers: [Vary:Origin, Vary:Origin, Vary:Origin, X-Content-Type-Options:nosniff, X-XSS-Protection:0, Cache-Control:no-cache, no-store, max-age=0, must-revalidate, Pragma:no-cache, Expires:0, X-Frame-Options:DENY, Content-Type:application/json, Transfer-Encoding:chunked, Date:Tue, 08 Apr 2025 18:07:21 GMT, Keep-Alive:timeout=60, Connection:keep-alive]
2025-04-08 23:37:24.765 [http-nio-6902-exec-6] WARN  U.c.BearerTokenAuthenticationFilter - Authorization header is missing
2025-04-08 23:37:24.765 [http-nio-6902-exec-6] INFO  U.c.RequestResponseLoggingInterceptor - Request: GET /spring/users/getUserDetailsForLogin?username=baiskhiyar&password=qwerty123 Payload: [empty] Headers: [accept:application/json, application/*+json]
2025-04-08 23:37:24.877 [http-nio-6902-exec-6] INFO  U.c.RequestResponseLoggingInterceptor - Response: /spring/users/getUserDetailsForLogin Status: 200 Payload: [empty] Headers: [Vary:Origin, Vary:Origin, Vary:Origin, X-Content-Type-Options:nosniff, X-XSS-Protection:0, Cache-Control:no-cache, no-store, max-age=0, must-revalidate, Pragma:no-cache, Expires:0, X-Frame-Options:DENY, Content-Type:application/json, Transfer-Encoding:chunked, Date:Tue, 08 Apr 2025 18:07:24 GMT, Keep-Alive:timeout=60, Connection:keep-alive]
2025-04-08 23:42:21.537 [AsyncResolver-bootstrap-executor-%d] INFO  c.n.d.s.r.aws.ConfigClusterResolver - Resolving eureka endpoints via configuration
2025-04-08 23:47:21.543 [AsyncResolver-bootstrap-executor-%d] INFO  c.n.d.s.r.aws.ConfigClusterResolver - Resolving eureka endpoints via configuration
2025-04-08 23:52:21.554 [AsyncResolver-bootstrap-executor-%d] INFO  c.n.d.s.r.aws.ConfigClusterResolver - Resolving eureka endpoints via configuration
2025-04-08 23:56:25.524 [http-nio-6902-exec-8] ERROR U.c.BearerTokenAuthenticationFilter - No access token found for token: 342bbc47-5520-4581-9b44-19545bb0c460
2025-04-08 23:56:25.533 [http-nio-6902-exec-8] ERROR U.c.BearerTokenAuthenticationFilter - Authentication Failed
2025-04-08 23:56:25.534 [http-nio-6902-exec-8] INFO  U.c.RequestResponseLoggingInterceptor - Request: POST /spring/users/login?null Payload: [empty] Headers: [accept:*/*]
2025-04-08 23:56:25.564 [http-nio-6902-exec-8] WARN  o.s.w.s.m.s.DefaultHandlerExceptionResolver - Ignoring exception, response committed already: org.springframework.http.converter.HttpMessageNotReadableException: I/O error while reading input message
2025-04-08 23:56:25.565 [http-nio-6902-exec-8] WARN  o.s.w.s.m.s.DefaultHandlerExceptionResolver - Resolved [org.springframework.http.converter.HttpMessageNotReadableException: I/O error while reading input message]
2025-04-08 23:56:25.586 [http-nio-6902-exec-8] INFO  U.c.RequestResponseLoggingInterceptor - Request: POST /error?null Payload: [empty] Headers: [accept:*/*]
2025-04-08 23:56:25.607 [http-nio-6902-exec-8] INFO  U.c.RequestResponseLoggingInterceptor - Response: /error Status: 400 Payload: [empty] Headers: [Vary:Origin, Vary:Origin, Vary:Origin, Content-Type:application/json, Transfer-Encoding:chunked, Date:Tue, 08 Apr 2025 18:26:25 GMT, Connection:close]
2025-04-08 23:57:21.558 [AsyncResolver-bootstrap-executor-%d] INFO  c.n.d.s.r.aws.ConfigClusterResolver - Resolving eureka endpoints via configuration
2025-04-08 23:57:25.698 [http-nio-6902-exec-10] ERROR U.c.BearerTokenAuthenticationFilter - No access token found for token: 342bbc47-5520-4581-9b44-19545bb0c460
2025-04-08 23:57:25.699 [http-nio-6902-exec-10] ERROR U.c.BearerTokenAuthenticationFilter - Authentication Failed
2025-04-08 23:57:25.700 [http-nio-6902-exec-10] INFO  U.c.RequestResponseLoggingInterceptor - Request: POST /spring/users/login?null Payload: [empty] Headers: [accept:*/*]
2025-04-08 23:57:25.702 [http-nio-6902-exec-10] WARN  o.s.w.s.m.s.DefaultHandlerExceptionResolver - Ignoring exception, response committed already: org.springframework.http.converter.HttpMessageNotReadableException: I/O error while reading input message
2025-04-08 23:57:25.702 [http-nio-6902-exec-10] WARN  o.s.w.s.m.s.DefaultHandlerExceptionResolver - Resolved [org.springframework.http.converter.HttpMessageNotReadableException: I/O error while reading input message]
2025-04-08 23:57:25.704 [http-nio-6902-exec-10] INFO  U.c.RequestResponseLoggingInterceptor - Request: POST /error?null Payload: [empty] Headers: [accept:*/*]
2025-04-08 23:57:25.707 [http-nio-6902-exec-10] INFO  U.c.RequestResponseLoggingInterceptor - Response: /error Status: 400 Payload: [empty] Headers: [Vary:Origin, Vary:Origin, Vary:Origin, Content-Type:application/json, Transfer-Encoding:chunked, Date:Tue, 08 Apr 2025 18:27:25 GMT, Connection:close]
2025-04-08 23:59:26.772 [http-nio-6902-exec-9] WARN  U.c.BearerTokenAuthenticationFilter - Authorization header is missing
2025-04-08 23:59:26.775 [http-nio-6902-exec-9] INFO  U.c.RequestResponseLoggingInterceptor - Request: POST /spring/users/login?null Payload: [empty] Headers: [accept:*/*]
2025-04-08 23:59:26.793 [http-nio-6902-exec-9] WARN  o.s.w.s.m.s.DefaultHandlerExceptionResolver - Ignoring exception, response committed already: org.springframework.http.converter.HttpMessageNotReadableException: I/O error while reading input message
2025-04-08 23:59:26.793 [http-nio-6902-exec-9] WARN  o.s.w.s.m.s.DefaultHandlerExceptionResolver - Resolved [org.springframework.http.converter.HttpMessageNotReadableException: I/O error while reading input message]
2025-04-08 23:59:26.797 [http-nio-6902-exec-9] INFO  U.c.RequestResponseLoggingInterceptor - Request: POST /error?null Payload: [empty] Headers: [accept:*/*]
2025-04-08 23:59:26.800 [http-nio-6902-exec-9] INFO  U.c.RequestResponseLoggingInterceptor - Response: /error Status: 400 Payload: [empty] Headers: [Vary:Origin, Vary:Origin, Vary:Origin, Content-Type:application/json, Transfer-Encoding:chunked, Date:Tue, 08 Apr 2025 18:29:26 GMT, Connection:close]
